{
  "/Users/nhan.dang/Coder_Academy/NhanDang_T3A2/GP-Front/src/reducers/index.js": {
    "path": "/Users/nhan.dang/Coder_Academy/NhanDang_T3A2/GP-Front/src/reducers/index.js",
    "statementMap": {},
    "fnMap": {},
    "branchMap": {},
    "s": {},
    "f": {},
    "b": {},
    "_coverageSchema": "1a1c01bbd47fc00a2c39e90264f33305004495a9",
    "hash": "f2238dd157d2acc23b13e73bcfa8f2da7c6f5fec"
  },
  "/Users/nhan.dang/Coder_Academy/NhanDang_T3A2/GP-Front/src/store.js": {
    "path": "/Users/nhan.dang/Coder_Academy/NhanDang_T3A2/GP-Front/src/store.js",
    "statementMap": {
      "0": {
        "start": {
          "line": 6,
          "column": 21
        },
        "end": {
          "line": 6,
          "column": 23
        }
      },
      "1": {
        "start": {
          "line": 8,
          "column": 19
        },
        "end": {
          "line": 8,
          "column": 26
        }
      },
      "2": {
        "start": {
          "line": 10,
          "column": 14
        },
        "end": {
          "line": 14,
          "column": 1
        }
      }
    },
    "fnMap": {},
    "branchMap": {},
    "s": {
      "0": 69,
      "1": 69,
      "2": 69
    },
    "f": {},
    "b": {},
    "_coverageSchema": "1a1c01bbd47fc00a2c39e90264f33305004495a9",
    "hash": "deb367e69695ef7fff7cf43a2f012404f89a42f0"
  },
  "/Users/nhan.dang/Coder_Academy/NhanDang_T3A2/GP-Front/src/utils/token.js": {
    "path": "/Users/nhan.dang/Coder_Academy/NhanDang_T3A2/GP-Front/src/utils/token.js",
    "statementMap": {
      "0": {
        "start": {
          "line": 3,
          "column": 26
        },
        "end": {
          "line": 29,
          "column": 1
        }
      },
      "1": {
        "start": {
          "line": 4,
          "column": 2
        },
        "end": {
          "line": 28,
          "column": 3
        }
      },
      "2": {
        "start": {
          "line": 5,
          "column": 4
        },
        "end": {
          "line": 22,
          "column": 4
        }
      },
      "3": {
        "start": {
          "line": 10,
          "column": 6
        },
        "end": {
          "line": 10,
          "column": 40
        }
      },
      "4": {
        "start": {
          "line": 11,
          "column": 4
        },
        "end": {
          "line": 21,
          "column": 5
        }
      },
      "5": {
        "start": {
          "line": 12,
          "column": 6
        },
        "end": {
          "line": 15,
          "column": 8
        }
      },
      "6": {
        "start": {
          "line": 17,
          "column": 8
        },
        "end": {
          "line": 20,
          "column": 8
        }
      },
      "7": {
        "start": {
          "line": 24,
          "column": 4
        },
        "end": {
          "line": 27,
          "column": 7
        }
      },
      "8": {
        "start": {
          "line": 32,
          "column": 34
        },
        "end": {
          "line": 53,
          "column": 1
        }
      },
      "9": {
        "start": {
          "line": 33,
          "column": 2
        },
        "end": {
          "line": 52,
          "column": 3
        }
      },
      "10": {
        "start": {
          "line": 34,
          "column": 4
        },
        "end": {
          "line": 41,
          "column": 6
        }
      },
      "11": {
        "start": {
          "line": 42,
          "column": 4
        },
        "end": {
          "line": 45,
          "column": 7
        }
      },
      "12": {
        "start": {
          "line": 47,
          "column": 4
        },
        "end": {
          "line": 47,
          "column": 29
        }
      },
      "13": {
        "start": {
          "line": 48,
          "column": 4
        },
        "end": {
          "line": 51,
          "column": 7
        }
      }
    },
    "fnMap": {
      "0": {
        "name": "(anonymous_0)",
        "decl": {
          "start": {
            "line": 3,
            "column": 26
          },
          "end": {
            "line": 3,
            "column": 27
          }
        },
        "loc": {
          "start": {
            "line": 3,
            "column": 52
          },
          "end": {
            "line": 29,
            "column": 1
          }
        },
        "line": 3
      },
      "1": {
        "name": "(anonymous_1)",
        "decl": {
          "start": {
            "line": 9,
            "column": 12
          },
          "end": {
            "line": 9,
            "column": 13
          }
        },
        "loc": {
          "start": {
            "line": 9,
            "column": 26
          },
          "end": {
            "line": 22,
            "column": 3
          }
        },
        "line": 9
      },
      "2": {
        "name": "(anonymous_2)",
        "decl": {
          "start": {
            "line": 32,
            "column": 34
          },
          "end": {
            "line": 32,
            "column": 35
          }
        },
        "loc": {
          "start": {
            "line": 32,
            "column": 60
          },
          "end": {
            "line": 53,
            "column": 1
          }
        },
        "line": 32
      }
    },
    "branchMap": {
      "0": {
        "loc": {
          "start": {
            "line": 11,
            "column": 4
          },
          "end": {
            "line": 21,
            "column": 5
          }
        },
        "type": "if",
        "locations": [
          {
            "start": {
              "line": 11,
              "column": 4
            },
            "end": {
              "line": 21,
              "column": 5
            }
          },
          {
            "start": {
              "line": 11,
              "column": 4
            },
            "end": {
              "line": 21,
              "column": 5
            }
          }
        ],
        "line": 11
      }
    },
    "s": {
      "0": 69,
      "1": 0,
      "2": 0,
      "3": 0,
      "4": 0,
      "5": 0,
      "6": 0,
      "7": 0,
      "8": 69,
      "9": 0,
      "10": 0,
      "11": 0,
      "12": 0,
      "13": 0
    },
    "f": {
      "0": 0,
      "1": 0,
      "2": 0
    },
    "b": {
      "0": [
        0,
        0
      ]
    },
    "_coverageSchema": "1a1c01bbd47fc00a2c39e90264f33305004495a9",
    "hash": "670f1e65efac46e1905538b24405eecba3ea0715"
  },
  "/Users/nhan.dang/Coder_Academy/NhanDang_T3A2/GP-Front/src/ProtectedRoute.js": {
    "path": "/Users/nhan.dang/Coder_Academy/NhanDang_T3A2/GP-Front/src/ProtectedRoute.js",
    "statementMap": {
      "0": {
        "start": {
          "line": 6,
          "column": 23
        },
        "end": {
          "line": 37,
          "column": 1
        }
      },
      "1": {
        "start": {
          "line": 7,
          "column": 16
        },
        "end": {
          "line": 7,
          "column": 28
        }
      },
      "2": {
        "start": {
          "line": 9,
          "column": 26
        },
        "end": {
          "line": 12,
          "column": 4
        }
      },
      "3": {
        "start": {
          "line": 14,
          "column": 2
        },
        "end": {
          "line": 27,
          "column": 10
        }
      },
      "4": {
        "start": {
          "line": 15,
          "column": 18
        },
        "end": {
          "line": 15,
          "column": 49
        }
      },
      "5": {
        "start": {
          "line": 16,
          "column": 4
        },
        "end": {
          "line": 16,
          "column": 22
        }
      },
      "6": {
        "start": {
          "line": 17,
          "column": 4
        },
        "end": {
          "line": 26,
          "column": 7
        }
      },
      "7": {
        "start": {
          "line": 18,
          "column": 6
        },
        "end": {
          "line": 21,
          "column": 8
        }
      },
      "8": {
        "start": {
          "line": 22,
          "column": 8
        },
        "end": {
          "line": 25,
          "column": 10
        }
      },
      "9": {
        "start": {
          "line": 28,
          "column": 2
        },
        "end": {
          "line": 28,
          "column": 24
        }
      },
      "10": {
        "start": {
          "line": 30,
          "column": 2
        },
        "end": {
          "line": 36,
          "column": 3
        }
      },
      "11": {
        "start": {
          "line": 31,
          "column": 4
        },
        "end": {
          "line": 31,
          "column": 15
        }
      },
      "12": {
        "start": {
          "line": 32,
          "column": 9
        },
        "end": {
          "line": 36,
          "column": 3
        }
      },
      "13": {
        "start": {
          "line": 33,
          "column": 4
        },
        "end": {
          "line": 33,
          "column": 36
        }
      },
      "14": {
        "start": {
          "line": 35,
          "column": 4
        },
        "end": {
          "line": 35,
          "column": 70
        }
      }
    },
    "fnMap": {
      "0": {
        "name": "(anonymous_0)",
        "decl": {
          "start": {
            "line": 6,
            "column": 23
          },
          "end": {
            "line": 6,
            "column": 24
          }
        },
        "loc": {
          "start": {
            "line": 6,
            "column": 63
          },
          "end": {
            "line": 37,
            "column": 1
          }
        },
        "line": 6
      },
      "1": {
        "name": "(anonymous_1)",
        "decl": {
          "start": {
            "line": 14,
            "column": 12
          },
          "end": {
            "line": 14,
            "column": 13
          }
        },
        "loc": {
          "start": {
            "line": 14,
            "column": 18
          },
          "end": {
            "line": 27,
            "column": 5
          }
        },
        "line": 14
      }
    },
    "branchMap": {
      "0": {
        "loc": {
          "start": {
            "line": 17,
            "column": 4
          },
          "end": {
            "line": 26,
            "column": 7
          }
        },
        "type": "if",
        "locations": [
          {
            "start": {
              "line": 17,
              "column": 4
            },
            "end": {
              "line": 26,
              "column": 7
            }
          },
          {
            "start": {
              "line": 17,
              "column": 4
            },
            "end": {
              "line": 26,
              "column": 7
            }
          }
        ],
        "line": 17
      },
      "1": {
        "loc": {
          "start": {
            "line": 30,
            "column": 2
          },
          "end": {
            "line": 36,
            "column": 3
          }
        },
        "type": "if",
        "locations": [
          {
            "start": {
              "line": 30,
              "column": 2
            },
            "end": {
              "line": 36,
              "column": 3
            }
          },
          {
            "start": {
              "line": 30,
              "column": 2
            },
            "end": {
              "line": 36,
              "column": 3
            }
          }
        ],
        "line": 30
      },
      "2": {
        "loc": {
          "start": {
            "line": 32,
            "column": 9
          },
          "end": {
            "line": 36,
            "column": 3
          }
        },
        "type": "if",
        "locations": [
          {
            "start": {
              "line": 32,
              "column": 9
            },
            "end": {
              "line": 36,
              "column": 3
            }
          },
          {
            "start": {
              "line": 32,
              "column": 9
            },
            "end": {
              "line": 36,
              "column": 3
            }
          }
        ],
        "line": 32
      }
    },
    "s": {
      "0": 69,
      "1": 6,
      "2": 6,
      "3": 6,
      "4": 3,
      "5": 3,
      "6": 3,
      "7": 3,
      "8": 0,
      "9": 6,
      "10": 6,
      "11": 3,
      "12": 3,
      "13": 0,
      "14": 3
    },
    "f": {
      "0": 6,
      "1": 3
    },
    "b": {
      "0": [
        3,
        0
      ],
      "1": [
        3,
        3
      ],
      "2": [
        0,
        3
      ]
    },
    "_coverageSchema": "1a1c01bbd47fc00a2c39e90264f33305004495a9",
    "hash": "18f75a5d753f6b731996c4cd66f2889a8ff79325"
  },
  "/Users/nhan.dang/Coder_Academy/NhanDang_T3A2/GP-Front/src/ProtectedAdminRoute.js": {
    "path": "/Users/nhan.dang/Coder_Academy/NhanDang_T3A2/GP-Front/src/ProtectedAdminRoute.js",
    "statementMap": {
      "0": {
        "start": {
          "line": 4,
          "column": 28
        },
        "end": {
          "line": 50,
          "column": 1
        }
      },
      "1": {
        "start": {
          "line": 5,
          "column": 16
        },
        "end": {
          "line": 5,
          "column": 28
        }
      },
      "2": {
        "start": {
          "line": 7,
          "column": 26
        },
        "end": {
          "line": 10,
          "column": 4
        }
      },
      "3": {
        "start": {
          "line": 11,
          "column": 28
        },
        "end": {
          "line": 11,
          "column": 42
        }
      },
      "4": {
        "start": {
          "line": 13,
          "column": 25
        },
        "end": {
          "line": 21,
          "column": 3
        }
      },
      "5": {
        "start": {
          "line": 14,
          "column": 19
        },
        "end": {
          "line": 14,
          "column": 50
        }
      },
      "6": {
        "start": {
          "line": 15,
          "column": 4
        },
        "end": {
          "line": 19,
          "column": 5
        }
      },
      "7": {
        "start": {
          "line": 16,
          "column": 6
        },
        "end": {
          "line": 16,
          "column": 22
        }
      },
      "8": {
        "start": {
          "line": 18,
          "column": 6
        },
        "end": {
          "line": 18,
          "column": 23
        }
      },
      "9": {
        "start": {
          "line": 20,
          "column": 4
        },
        "end": {
          "line": 20,
          "column": 20
        }
      },
      "10": {
        "start": {
          "line": 23,
          "column": 2
        },
        "end": {
          "line": 38,
          "column": 10
        }
      },
      "11": {
        "start": {
          "line": 24,
          "column": 18
        },
        "end": {
          "line": 24,
          "column": 49
        }
      },
      "12": {
        "start": {
          "line": 25,
          "column": 18
        },
        "end": {
          "line": 25,
          "column": 34
        }
      },
      "13": {
        "start": {
          "line": 26,
          "column": 4
        },
        "end": {
          "line": 37,
          "column": 7
        }
      },
      "14": {
        "start": {
          "line": 27,
          "column": 6
        },
        "end": {
          "line": 30,
          "column": 8
        }
      },
      "15": {
        "start": {
          "line": 31,
          "column": 6
        },
        "end": {
          "line": 31,
          "column": 21
        }
      },
      "16": {
        "start": {
          "line": 33,
          "column": 8
        },
        "end": {
          "line": 36,
          "column": 10
        }
      },
      "17": {
        "start": {
          "line": 40,
          "column": 2
        },
        "end": {
          "line": 49,
          "column": 3
        }
      },
      "18": {
        "start": {
          "line": 41,
          "column": 4
        },
        "end": {
          "line": 41,
          "column": 15
        }
      },
      "19": {
        "start": {
          "line": 42,
          "column": 9
        },
        "end": {
          "line": 49,
          "column": 3
        }
      },
      "20": {
        "start": {
          "line": 43,
          "column": 4
        },
        "end": {
          "line": 43,
          "column": 36
        }
      },
      "21": {
        "start": {
          "line": 44,
          "column": 9
        },
        "end": {
          "line": 49,
          "column": 3
        }
      },
      "22": {
        "start": {
          "line": 45,
          "column": 4
        },
        "end": {
          "line": 45,
          "column": 53
        }
      },
      "23": {
        "start": {
          "line": 46,
          "column": 4
        },
        "end": {
          "line": 46,
          "column": 30
        }
      },
      "24": {
        "start": {
          "line": 48,
          "column": 4
        },
        "end": {
          "line": 48,
          "column": 53
        }
      }
    },
    "fnMap": {
      "0": {
        "name": "(anonymous_0)",
        "decl": {
          "start": {
            "line": 4,
            "column": 28
          },
          "end": {
            "line": 4,
            "column": 29
          }
        },
        "loc": {
          "start": {
            "line": 4,
            "column": 68
          },
          "end": {
            "line": 50,
            "column": 1
          }
        },
        "line": 4
      },
      "1": {
        "name": "(anonymous_1)",
        "decl": {
          "start": {
            "line": 13,
            "column": 25
          },
          "end": {
            "line": 13,
            "column": 26
          }
        },
        "loc": {
          "start": {
            "line": 13,
            "column": 31
          },
          "end": {
            "line": 21,
            "column": 3
          }
        },
        "line": 13
      },
      "2": {
        "name": "(anonymous_2)",
        "decl": {
          "start": {
            "line": 23,
            "column": 12
          },
          "end": {
            "line": 23,
            "column": 13
          }
        },
        "loc": {
          "start": {
            "line": 23,
            "column": 18
          },
          "end": {
            "line": 38,
            "column": 5
          }
        },
        "line": 23
      }
    },
    "branchMap": {
      "0": {
        "loc": {
          "start": {
            "line": 15,
            "column": 4
          },
          "end": {
            "line": 19,
            "column": 5
          }
        },
        "type": "if",
        "locations": [
          {
            "start": {
              "line": 15,
              "column": 4
            },
            "end": {
              "line": 19,
              "column": 5
            }
          },
          {
            "start": {
              "line": 15,
              "column": 4
            },
            "end": {
              "line": 19,
              "column": 5
            }
          }
        ],
        "line": 15
      },
      "1": {
        "loc": {
          "start": {
            "line": 26,
            "column": 4
          },
          "end": {
            "line": 37,
            "column": 7
          }
        },
        "type": "if",
        "locations": [
          {
            "start": {
              "line": 26,
              "column": 4
            },
            "end": {
              "line": 37,
              "column": 7
            }
          },
          {
            "start": {
              "line": 26,
              "column": 4
            },
            "end": {
              "line": 37,
              "column": 7
            }
          }
        ],
        "line": 26
      },
      "2": {
        "loc": {
          "start": {
            "line": 40,
            "column": 2
          },
          "end": {
            "line": 49,
            "column": 3
          }
        },
        "type": "if",
        "locations": [
          {
            "start": {
              "line": 40,
              "column": 2
            },
            "end": {
              "line": 49,
              "column": 3
            }
          },
          {
            "start": {
              "line": 40,
              "column": 2
            },
            "end": {
              "line": 49,
              "column": 3
            }
          }
        ],
        "line": 40
      },
      "3": {
        "loc": {
          "start": {
            "line": 42,
            "column": 9
          },
          "end": {
            "line": 49,
            "column": 3
          }
        },
        "type": "if",
        "locations": [
          {
            "start": {
              "line": 42,
              "column": 9
            },
            "end": {
              "line": 49,
              "column": 3
            }
          },
          {
            "start": {
              "line": 42,
              "column": 9
            },
            "end": {
              "line": 49,
              "column": 3
            }
          }
        ],
        "line": 42
      },
      "4": {
        "loc": {
          "start": {
            "line": 44,
            "column": 9
          },
          "end": {
            "line": 49,
            "column": 3
          }
        },
        "type": "if",
        "locations": [
          {
            "start": {
              "line": 44,
              "column": 9
            },
            "end": {
              "line": 49,
              "column": 3
            }
          },
          {
            "start": {
              "line": 44,
              "column": 9
            },
            "end": {
              "line": 49,
              "column": 3
            }
          }
        ],
        "line": 44
      }
    },
    "s": {
      "0": 69,
      "1": 0,
      "2": 0,
      "3": 0,
      "4": 0,
      "5": 0,
      "6": 0,
      "7": 0,
      "8": 0,
      "9": 0,
      "10": 0,
      "11": 0,
      "12": 0,
      "13": 0,
      "14": 0,
      "15": 0,
      "16": 0,
      "17": 0,
      "18": 0,
      "19": 0,
      "20": 0,
      "21": 0,
      "22": 0,
      "23": 0,
      "24": 0
    },
    "f": {
      "0": 0,
      "1": 0,
      "2": 0
    },
    "b": {
      "0": [
        0,
        0
      ],
      "1": [
        0,
        0
      ],
      "2": [
        0,
        0
      ],
      "3": [
        0,
        0
      ],
      "4": [
        0,
        0
      ]
    },
    "_coverageSchema": "1a1c01bbd47fc00a2c39e90264f33305004495a9",
    "hash": "071f2873fca2b5ffb36bf8ae87214238d0e2b5ec"
  },
  "/Users/nhan.dang/Coder_Academy/NhanDang_T3A2/GP-Front/src/utils/pageLoading.js": {
    "path": "/Users/nhan.dang/Coder_Academy/NhanDang_T3A2/GP-Front/src/utils/pageLoading.js",
    "statementMap": {
      "0": {
        "start": {
          "line": 4,
          "column": 0
        },
        "end": {
          "line": 11,
          "column": 3
        }
      }
    },
    "fnMap": {},
    "branchMap": {},
    "s": {
      "0": 69
    },
    "f": {},
    "b": {},
    "_coverageSchema": "1a1c01bbd47fc00a2c39e90264f33305004495a9",
    "hash": "aa7d4a23a3a42bd2dd664c66b558c199efe9f3c4"
  },
  "/Users/nhan.dang/Coder_Academy/NhanDang_T3A2/GP-Front/src/pages/home.js": {
    "path": "/Users/nhan.dang/Coder_Academy/NhanDang_T3A2/GP-Front/src/pages/home.js",
    "statementMap": {
      "0": {
        "start": {
          "line": 8,
          "column": 10
        },
        "end": {
          "line": 10,
          "column": 3
        }
      },
      "1": {
        "start": {
          "line": 13,
          "column": 4
        },
        "end": {
          "line": 13,
          "column": 38
        }
      },
      "2": {
        "start": {
          "line": 16,
          "column": 4
        },
        "end": {
          "line": 41,
          "column": 6
        }
      }
    },
    "fnMap": {
      "0": {
        "name": "(anonymous_0)",
        "decl": {
          "start": {
            "line": 12,
            "column": 2
          },
          "end": {
            "line": 12,
            "column": 3
          }
        },
        "loc": {
          "start": {
            "line": 12,
            "column": 22
          },
          "end": {
            "line": 14,
            "column": 3
          }
        },
        "line": 12
      },
      "1": {
        "name": "(anonymous_1)",
        "decl": {
          "start": {
            "line": 15,
            "column": 2
          },
          "end": {
            "line": 15,
            "column": 3
          }
        },
        "loc": {
          "start": {
            "line": 15,
            "column": 11
          },
          "end": {
            "line": 42,
            "column": 3
          }
        },
        "line": 15
      }
    },
    "branchMap": {
      "0": {
        "loc": {
          "start": {
            "line": 18,
            "column": 9
          },
          "end": {
            "line": 18,
            "column": 46
          }
        },
        "type": "binary-expr",
        "locations": [
          {
            "start": {
              "line": 18,
              "column": 9
            },
            "end": {
              "line": 18,
              "column": 27
            }
          },
          {
            "start": {
              "line": 18,
              "column": 31
            },
            "end": {
              "line": 18,
              "column": 46
            }
          }
        ],
        "line": 18
      }
    },
    "s": {
      "0": 74,
      "1": 74,
      "2": 159
    },
    "f": {
      "0": 74,
      "1": 159
    },
    "b": {
      "0": [
        159,
        74
      ]
    },
    "_coverageSchema": "1a1c01bbd47fc00a2c39e90264f33305004495a9",
    "hash": "c55c36626c938e1e79e23c37d78a88a0b7d98b5f"
  },
  "/Users/nhan.dang/Coder_Academy/NhanDang_T3A2/GP-Front/src/components/Nav.js": {
    "path": "/Users/nhan.dang/Coder_Academy/NhanDang_T3A2/GP-Front/src/components/Nav.js",
    "statementMap": {
      "0": {
        "start": {
          "line": 6,
          "column": 12
        },
        "end": {
          "line": 134,
          "column": 1
        }
      },
      "1": {
        "start": {
          "line": 9,
          "column": 17
        },
        "end": {
          "line": 17,
          "column": 3
        }
      },
      "2": {
        "start": {
          "line": 10,
          "column": 4
        },
        "end": {
          "line": 10,
          "column": 23
        }
      },
      "3": {
        "start": {
          "line": 12,
          "column": 4
        },
        "end": {
          "line": 12,
          "column": 39
        }
      },
      "4": {
        "start": {
          "line": 13,
          "column": 4
        },
        "end": {
          "line": 13,
          "column": 39
        }
      },
      "5": {
        "start": {
          "line": 14,
          "column": 4
        },
        "end": {
          "line": 14,
          "column": 42
        }
      },
      "6": {
        "start": {
          "line": 15,
          "column": 4
        },
        "end": {
          "line": 15,
          "column": 28
        }
      },
      "7": {
        "start": {
          "line": 16,
          "column": 4
        },
        "end": {
          "line": 16,
          "column": 34
        }
      },
      "8": {
        "start": {
          "line": 20,
          "column": 19
        },
        "end": {
          "line": 20,
          "column": 50
        }
      },
      "9": {
        "start": {
          "line": 21,
          "column": 4
        },
        "end": {
          "line": 25,
          "column": 5
        }
      },
      "10": {
        "start": {
          "line": 22,
          "column": 6
        },
        "end": {
          "line": 22,
          "column": 22
        }
      },
      "11": {
        "start": {
          "line": 24,
          "column": 6
        },
        "end": {
          "line": 24,
          "column": 23
        }
      },
      "12": {
        "start": {
          "line": 26,
          "column": 4
        },
        "end": {
          "line": 26,
          "column": 20
        }
      },
      "13": {
        "start": {
          "line": 30,
          "column": 22
        },
        "end": {
          "line": 30,
          "column": 56
        }
      },
      "14": {
        "start": {
          "line": 31,
          "column": 4
        },
        "end": {
          "line": 35,
          "column": 5
        }
      },
      "15": {
        "start": {
          "line": 32,
          "column": 6
        },
        "end": {
          "line": 32,
          "column": 25
        }
      },
      "16": {
        "start": {
          "line": 34,
          "column": 6
        },
        "end": {
          "line": 34,
          "column": 26
        }
      },
      "17": {
        "start": {
          "line": 36,
          "column": 4
        },
        "end": {
          "line": 36,
          "column": 23
        }
      },
      "18": {
        "start": {
          "line": 39,
          "column": 14
        },
        "end": {
          "line": 39,
          "column": 30
        }
      },
      "19": {
        "start": {
          "line": 40,
          "column": 17
        },
        "end": {
          "line": 40,
          "column": 36
        }
      },
      "20": {
        "start": {
          "line": 42,
          "column": 24
        },
        "end": {
          "line": 61,
          "column": 3
        }
      },
      "21": {
        "start": {
          "line": 43,
          "column": 4
        },
        "end": {
          "line": 60,
          "column": 6
        }
      },
      "22": {
        "start": {
          "line": 63,
          "column": 25
        },
        "end": {
          "line": 74,
          "column": 3
        }
      },
      "23": {
        "start": {
          "line": 64,
          "column": 4
        },
        "end": {
          "line": 73,
          "column": 6
        }
      },
      "24": {
        "start": {
          "line": 76,
          "column": 20
        },
        "end": {
          "line": 82,
          "column": 3
        }
      },
      "25": {
        "start": {
          "line": 77,
          "column": 4
        },
        "end": {
          "line": 81,
          "column": 6
        }
      },
      "26": {
        "start": {
          "line": 84,
          "column": 21
        },
        "end": {
          "line": 107,
          "column": 3
        }
      },
      "27": {
        "start": {
          "line": 85,
          "column": 4
        },
        "end": {
          "line": 106,
          "column": 6
        }
      },
      "28": {
        "start": {
          "line": 109,
          "column": 2
        },
        "end": {
          "line": 133,
          "column": 4
        }
      }
    },
    "fnMap": {
      "0": {
        "name": "(anonymous_0)",
        "decl": {
          "start": {
            "line": 6,
            "column": 12
          },
          "end": {
            "line": 6,
            "column": 13
          }
        },
        "loc": {
          "start": {
            "line": 6,
            "column": 21
          },
          "end": {
            "line": 134,
            "column": 1
          }
        },
        "line": 6
      },
      "1": {
        "name": "(anonymous_1)",
        "decl": {
          "start": {
            "line": 9,
            "column": 17
          },
          "end": {
            "line": 9,
            "column": 18
          }
        },
        "loc": {
          "start": {
            "line": 9,
            "column": 22
          },
          "end": {
            "line": 17,
            "column": 3
          }
        },
        "line": 9
      },
      "2": {
        "name": "getAdminStatus",
        "decl": {
          "start": {
            "line": 19,
            "column": 11
          },
          "end": {
            "line": 19,
            "column": 25
          }
        },
        "loc": {
          "start": {
            "line": 19,
            "column": 28
          },
          "end": {
            "line": 27,
            "column": 3
          }
        },
        "line": 19
      },
      "3": {
        "name": "getLoggedInStatus",
        "decl": {
          "start": {
            "line": 29,
            "column": 11
          },
          "end": {
            "line": 29,
            "column": 28
          }
        },
        "loc": {
          "start": {
            "line": 29,
            "column": 31
          },
          "end": {
            "line": 37,
            "column": 3
          }
        },
        "line": 29
      },
      "4": {
        "name": "(anonymous_4)",
        "decl": {
          "start": {
            "line": 42,
            "column": 24
          },
          "end": {
            "line": 42,
            "column": 25
          }
        },
        "loc": {
          "start": {
            "line": 42,
            "column": 30
          },
          "end": {
            "line": 61,
            "column": 3
          }
        },
        "line": 42
      },
      "5": {
        "name": "(anonymous_5)",
        "decl": {
          "start": {
            "line": 63,
            "column": 25
          },
          "end": {
            "line": 63,
            "column": 26
          }
        },
        "loc": {
          "start": {
            "line": 63,
            "column": 31
          },
          "end": {
            "line": 74,
            "column": 3
          }
        },
        "line": 63
      },
      "6": {
        "name": "(anonymous_6)",
        "decl": {
          "start": {
            "line": 76,
            "column": 20
          },
          "end": {
            "line": 76,
            "column": 21
          }
        },
        "loc": {
          "start": {
            "line": 76,
            "column": 26
          },
          "end": {
            "line": 82,
            "column": 3
          }
        },
        "line": 76
      },
      "7": {
        "name": "(anonymous_7)",
        "decl": {
          "start": {
            "line": 84,
            "column": 21
          },
          "end": {
            "line": 84,
            "column": 22
          }
        },
        "loc": {
          "start": {
            "line": 84,
            "column": 27
          },
          "end": {
            "line": 107,
            "column": 3
          }
        },
        "line": 84
      }
    },
    "branchMap": {
      "0": {
        "loc": {
          "start": {
            "line": 21,
            "column": 4
          },
          "end": {
            "line": 25,
            "column": 5
          }
        },
        "type": "if",
        "locations": [
          {
            "start": {
              "line": 21,
              "column": 4
            },
            "end": {
              "line": 25,
              "column": 5
            }
          },
          {
            "start": {
              "line": 21,
              "column": 4
            },
            "end": {
              "line": 25,
              "column": 5
            }
          }
        ],
        "line": 21
      },
      "1": {
        "loc": {
          "start": {
            "line": 31,
            "column": 4
          },
          "end": {
            "line": 35,
            "column": 5
          }
        },
        "type": "if",
        "locations": [
          {
            "start": {
              "line": 31,
              "column": 4
            },
            "end": {
              "line": 35,
              "column": 5
            }
          },
          {
            "start": {
              "line": 31,
              "column": 4
            },
            "end": {
              "line": 35,
              "column": 5
            }
          }
        ],
        "line": 31
      },
      "2": {
        "loc": {
          "start": {
            "line": 51,
            "column": 9
          },
          "end": {
            "line": 58,
            "column": 9
          }
        },
        "type": "cond-expr",
        "locations": [
          {
            "start": {
              "line": 52,
              "column": 10
            },
            "end": {
              "line": 55,
              "column": 15
            }
          },
          {
            "start": {
              "line": 57,
              "column": 10
            },
            "end": {
              "line": 57,
              "column": 21
            }
          }
        ],
        "line": 51
      },
      "3": {
        "loc": {
          "start": {
            "line": 115,
            "column": 9
          },
          "end": {
            "line": 115,
            "column": 54
          }
        },
        "type": "cond-expr",
        "locations": [
          {
            "start": {
              "line": 115,
              "column": 20
            },
            "end": {
              "line": 115,
              "column": 35
            }
          },
          {
            "start": {
              "line": 115,
              "column": 38
            },
            "end": {
              "line": 115,
              "column": 54
            }
          }
        ],
        "line": 115
      }
    },
    "s": {
      "0": 69,
      "1": 138,
      "2": 12,
      "3": 12,
      "4": 12,
      "5": 12,
      "6": 12,
      "7": 12,
      "8": 138,
      "9": 138,
      "10": 42,
      "11": 96,
      "12": 138,
      "13": 138,
      "14": 138,
      "15": 61,
      "16": 77,
      "17": 138,
      "18": 138,
      "19": 138,
      "20": 138,
      "21": 61,
      "22": 138,
      "23": 77,
      "24": 138,
      "25": 19,
      "26": 138,
      "27": 42,
      "28": 138
    },
    "f": {
      "0": 138,
      "1": 12,
      "2": 138,
      "3": 138,
      "4": 61,
      "5": 77,
      "6": 19,
      "7": 42
    },
    "b": {
      "0": [
        42,
        96
      ],
      "1": [
        61,
        77
      ],
      "2": [
        42,
        19
      ],
      "3": [
        61,
        77
      ]
    },
    "_coverageSchema": "1a1c01bbd47fc00a2c39e90264f33305004495a9",
    "hash": "17e13dd749f662a272706f23e75ae20349f71a83"
  },
  "/Users/nhan.dang/Coder_Academy/NhanDang_T3A2/GP-Front/src/components/Contact/ContactForm.js": {
    "path": "/Users/nhan.dang/Coder_Academy/NhanDang_T3A2/GP-Front/src/components/Contact/ContactForm.js",
    "statementMap": {
      "0": {
        "start": {
          "line": 7,
          "column": 17
        },
        "end": {
          "line": 11,
          "column": 3
        }
      },
      "1": {
        "start": {
          "line": 8,
          "column": 4
        },
        "end": {
          "line": 8,
          "column": 23
        }
      },
      "2": {
        "start": {
          "line": 9,
          "column": 4
        },
        "end": {
          "line": 9,
          "column": 30
        }
      },
      "3": {
        "start": {
          "line": 10,
          "column": 4
        },
        "end": {
          "line": 10,
          "column": 23
        }
      },
      "4": {
        "start": {
          "line": 14,
          "column": 4
        },
        "end": {
          "line": 45,
          "column": 6
        }
      },
      "5": {
        "start": {
          "line": 49,
          "column": 0
        },
        "end": {
          "line": 49,
          "column": 62
        }
      }
    },
    "fnMap": {
      "0": {
        "name": "(anonymous_0)",
        "decl": {
          "start": {
            "line": 7,
            "column": 17
          },
          "end": {
            "line": 7,
            "column": 18
          }
        },
        "loc": {
          "start": {
            "line": 7,
            "column": 22
          },
          "end": {
            "line": 11,
            "column": 3
          }
        },
        "line": 7
      },
      "1": {
        "name": "(anonymous_1)",
        "decl": {
          "start": {
            "line": 13,
            "column": 2
          },
          "end": {
            "line": 13,
            "column": 3
          }
        },
        "loc": {
          "start": {
            "line": 13,
            "column": 11
          },
          "end": {
            "line": 46,
            "column": 3
          }
        },
        "line": 13
      }
    },
    "branchMap": {},
    "s": {
      "0": 1,
      "1": 1,
      "2": 1,
      "3": 1,
      "4": 4,
      "5": 69
    },
    "f": {
      "0": 1,
      "1": 4
    },
    "b": {},
    "_coverageSchema": "1a1c01bbd47fc00a2c39e90264f33305004495a9",
    "hash": "989b91a0ea7e3160968bb80e14615dfedde473cf"
  },
  "/Users/nhan.dang/Coder_Academy/NhanDang_T3A2/GP-Front/src/components/Contact/ToggleDisplay.js": {
    "path": "/Users/nhan.dang/Coder_Academy/NhanDang_T3A2/GP-Front/src/components/Contact/ToggleDisplay.js",
    "statementMap": {
      "0": {
        "start": {
          "line": 6,
          "column": 10
        },
        "end": {
          "line": 8,
          "column": 3
        }
      },
      "1": {
        "start": {
          "line": 12,
          "column": 21
        },
        "end": {
          "line": 14,
          "column": 5
        }
      },
      "2": {
        "start": {
          "line": 15,
          "column": 17
        },
        "end": {
          "line": 15,
          "column": 38
        }
      },
      "3": {
        "start": {
          "line": 16,
          "column": 4
        },
        "end": {
          "line": 18,
          "column": 7
        }
      },
      "4": {
        "start": {
          "line": 22,
          "column": 21
        },
        "end": {
          "line": 22,
          "column": 31
        }
      },
      "5": {
        "start": {
          "line": 23,
          "column": 4
        },
        "end": {
          "line": 55,
          "column": 6
        }
      },
      "6": {
        "start": {
          "line": 36,
          "column": 16
        },
        "end": {
          "line": 42,
          "column": 18
        }
      }
    },
    "fnMap": {
      "0": {
        "name": "(anonymous_0)",
        "decl": {
          "start": {
            "line": 11,
            "column": 2
          },
          "end": {
            "line": 11,
            "column": 3
          }
        },
        "loc": {
          "start": {
            "line": 11,
            "column": 28
          },
          "end": {
            "line": 19,
            "column": 3
          }
        },
        "line": 11
      },
      "1": {
        "name": "(anonymous_1)",
        "decl": {
          "start": {
            "line": 21,
            "column": 2
          },
          "end": {
            "line": 21,
            "column": 3
          }
        },
        "loc": {
          "start": {
            "line": 21,
            "column": 11
          },
          "end": {
            "line": 56,
            "column": 3
          }
        },
        "line": 21
      },
      "2": {
        "name": "(anonymous_2)",
        "decl": {
          "start": {
            "line": 35,
            "column": 23
          },
          "end": {
            "line": 35,
            "column": 24
          }
        },
        "loc": {
          "start": {
            "line": 35,
            "column": 41
          },
          "end": {
            "line": 43,
            "column": 15
          }
        },
        "line": 35
      }
    },
    "branchMap": {
      "0": {
        "loc": {
          "start": {
            "line": 34,
            "column": 11
          },
          "end": {
            "line": 44,
            "column": 18
          }
        },
        "type": "cond-expr",
        "locations": [
          {
            "start": {
              "line": 35,
              "column": 14
            },
            "end": {
              "line": 43,
              "column": 16
            }
          },
          {
            "start": {
              "line": 44,
              "column": 14
            },
            "end": {
              "line": 44,
              "column": 18
            }
          }
        ],
        "line": 34
      }
    },
    "s": {
      "0": 2,
      "1": 2,
      "2": 2,
      "3": 2,
      "4": 6,
      "5": 6,
      "6": 14
    },
    "f": {
      "0": 2,
      "1": 6,
      "2": 14
    },
    "b": {
      "0": [
        2,
        4
      ]
    },
    "_coverageSchema": "1a1c01bbd47fc00a2c39e90264f33305004495a9",
    "hash": "dc109b1bb1469ac2fe4a5be81dcacec4ad9476fc"
  },
  "/Users/nhan.dang/Coder_Academy/NhanDang_T3A2/GP-Front/src/components/Contact/emailSubmit.js": {
    "path": "/Users/nhan.dang/Coder_Academy/NhanDang_T3A2/GP-Front/src/components/Contact/emailSubmit.js",
    "statementMap": {
      "0": {
        "start": {
          "line": 4,
          "column": 0
        },
        "end": {
          "line": 4,
          "column": 16
        }
      },
      "1": {
        "start": {
          "line": 15,
          "column": 6
        },
        "end": {
          "line": 15,
          "column": 12
        }
      },
      "2": {
        "start": {
          "line": 16,
          "column": 2
        },
        "end": {
          "line": 27,
          "column": 3
        }
      },
      "3": {
        "start": {
          "line": 17,
          "column": 4
        },
        "end": {
          "line": 24,
          "column": 7
        }
      },
      "4": {
        "start": {
          "line": 26,
          "column": 4
        },
        "end": {
          "line": 26,
          "column": 29
        }
      }
    },
    "fnMap": {
      "0": {
        "name": "handleSubmit",
        "decl": {
          "start": {
            "line": 7,
            "column": 15
          },
          "end": {
            "line": 7,
            "column": 27
          }
        },
        "loc": {
          "start": {
            "line": 7,
            "column": 36
          },
          "end": {
            "line": 28,
            "column": 1
          }
        },
        "line": 7
      }
    },
    "branchMap": {},
    "s": {
      "0": 69,
      "1": 1,
      "2": 1,
      "3": 1,
      "4": 0
    },
    "f": {
      "0": 1
    },
    "b": {},
    "_coverageSchema": "1a1c01bbd47fc00a2c39e90264f33305004495a9",
    "hash": "542b64b5d387e6b7882fecce9933fc3286deb141"
  },
  "/Users/nhan.dang/Coder_Academy/NhanDang_T3A2/GP-Front/src/components/Contact/GoogleMaps.js": {
    "path": "/Users/nhan.dang/Coder_Academy/NhanDang_T3A2/GP-Front/src/components/Contact/GoogleMaps.js",
    "statementMap": {
      "0": {
        "start": {
          "line": 5,
          "column": 0
        },
        "end": {
          "line": 5,
          "column": 16
        }
      },
      "1": {
        "start": {
          "line": 8,
          "column": 18
        },
        "end": {
          "line": 10,
          "column": 1
        }
      },
      "2": {
        "start": {
          "line": 14,
          "column": 4
        },
        "end": {
          "line": 14,
          "column": 17
        }
      },
      "3": {
        "start": {
          "line": 16,
          "column": 4
        },
        "end": {
          "line": 19,
          "column": 6
        }
      },
      "4": {
        "start": {
          "line": 23,
          "column": 19
        },
        "end": {
          "line": 37,
          "column": 3
        }
      },
      "5": {
        "start": {
          "line": 24,
          "column": 4
        },
        "end": {
          "line": 36,
          "column": 7
        }
      },
      "6": {
        "start": {
          "line": 25,
          "column": 6
        },
        "end": {
          "line": 35,
          "column": 8
        }
      },
      "7": {
        "start": {
          "line": 33,
          "column": 25
        },
        "end": {
          "line": 33,
          "column": 55
        }
      },
      "8": {
        "start": {
          "line": 40,
          "column": 4
        },
        "end": {
          "line": 51,
          "column": 6
        }
      }
    },
    "fnMap": {
      "0": {
        "name": "(anonymous_0)",
        "decl": {
          "start": {
            "line": 13,
            "column": 2
          },
          "end": {
            "line": 13,
            "column": 3
          }
        },
        "loc": {
          "start": {
            "line": 13,
            "column": 21
          },
          "end": {
            "line": 20,
            "column": 3
          }
        },
        "line": 13
      },
      "1": {
        "name": "(anonymous_1)",
        "decl": {
          "start": {
            "line": 23,
            "column": 19
          },
          "end": {
            "line": 23,
            "column": 20
          }
        },
        "loc": {
          "start": {
            "line": 23,
            "column": 25
          },
          "end": {
            "line": 37,
            "column": 3
          }
        },
        "line": 23
      },
      "2": {
        "name": "(anonymous_2)",
        "decl": {
          "start": {
            "line": 24,
            "column": 33
          },
          "end": {
            "line": 24,
            "column": 34
          }
        },
        "loc": {
          "start": {
            "line": 24,
            "column": 51
          },
          "end": {
            "line": 36,
            "column": 5
          }
        },
        "line": 24
      },
      "3": {
        "name": "(anonymous_3)",
        "decl": {
          "start": {
            "line": 33,
            "column": 19
          },
          "end": {
            "line": 33,
            "column": 20
          }
        },
        "loc": {
          "start": {
            "line": 33,
            "column": 25
          },
          "end": {
            "line": 33,
            "column": 55
          }
        },
        "line": 33
      },
      "4": {
        "name": "(anonymous_4)",
        "decl": {
          "start": {
            "line": 39,
            "column": 2
          },
          "end": {
            "line": 39,
            "column": 3
          }
        },
        "loc": {
          "start": {
            "line": 39,
            "column": 11
          },
          "end": {
            "line": 52,
            "column": 3
          }
        },
        "line": 39
      }
    },
    "branchMap": {},
    "s": {
      "0": 69,
      "1": 69,
      "2": 1,
      "3": 1,
      "4": 1,
      "5": 1,
      "6": 1,
      "7": 0,
      "8": 1
    },
    "f": {
      "0": 1,
      "1": 1,
      "2": 1,
      "3": 0,
      "4": 1
    },
    "b": {},
    "_coverageSchema": "1a1c01bbd47fc00a2c39e90264f33305004495a9",
    "hash": "7204f8b6996b35f0c525ad2b4993ccb71d6bb774"
  },
  "/Users/nhan.dang/Coder_Academy/NhanDang_T3A2/GP-Front/src/pages/contact.js": {
    "path": "/Users/nhan.dang/Coder_Academy/NhanDang_T3A2/GP-Front/src/pages/contact.js",
    "statementMap": {
      "0": {
        "start": {
          "line": 10,
          "column": 10
        },
        "end": {
          "line": 13,
          "column": 3
        }
      },
      "1": {
        "start": {
          "line": 16,
          "column": 4
        },
        "end": {
          "line": 18,
          "column": 7
        }
      },
      "2": {
        "start": {
          "line": 22,
          "column": 4
        },
        "end": {
          "line": 60,
          "column": 6
        }
      },
      "3": {
        "start": {
          "line": 48,
          "column": 33
        },
        "end": {
          "line": 48,
          "column": 76
        }
      }
    },
    "fnMap": {
      "0": {
        "name": "(anonymous_0)",
        "decl": {
          "start": {
            "line": 15,
            "column": 2
          },
          "end": {
            "line": 15,
            "column": 3
          }
        },
        "loc": {
          "start": {
            "line": 15,
            "column": 22
          },
          "end": {
            "line": 19,
            "column": 3
          }
        },
        "line": 15
      },
      "1": {
        "name": "(anonymous_1)",
        "decl": {
          "start": {
            "line": 21,
            "column": 2
          },
          "end": {
            "line": 21,
            "column": 3
          }
        },
        "loc": {
          "start": {
            "line": 21,
            "column": 11
          },
          "end": {
            "line": 61,
            "column": 3
          }
        },
        "line": 21
      },
      "2": {
        "name": "(anonymous_2)",
        "decl": {
          "start": {
            "line": 48,
            "column": 27
          },
          "end": {
            "line": 48,
            "column": 28
          }
        },
        "loc": {
          "start": {
            "line": 48,
            "column": 33
          },
          "end": {
            "line": 48,
            "column": 76
          }
        },
        "line": 48
      }
    },
    "branchMap": {
      "0": {
        "loc": {
          "start": {
            "line": 24,
            "column": 9
          },
          "end": {
            "line": 24,
            "column": 46
          }
        },
        "type": "binary-expr",
        "locations": [
          {
            "start": {
              "line": 24,
              "column": 9
            },
            "end": {
              "line": 24,
              "column": 27
            }
          },
          {
            "start": {
              "line": 24,
              "column": 31
            },
            "end": {
              "line": 24,
              "column": 46
            }
          }
        ],
        "line": 24
      },
      "1": {
        "loc": {
          "start": {
            "line": 41,
            "column": 17
          },
          "end": {
            "line": 45,
            "column": 17
          }
        },
        "type": "cond-expr",
        "locations": [
          {
            "start": {
              "line": 42,
              "column": 18
            },
            "end": {
              "line": 42,
              "column": 56
            }
          },
          {
            "start": {
              "line": 44,
              "column": 18
            },
            "end": {
              "line": 44,
              "column": 33
            }
          }
        ],
        "line": 41
      },
      "2": {
        "loc": {
          "start": {
            "line": 51,
            "column": 19
          },
          "end": {
            "line": 53,
            "column": 41
          }
        },
        "type": "cond-expr",
        "locations": [
          {
            "start": {
              "line": 52,
              "column": 22
            },
            "end": {
              "line": 52,
              "column": 50
            }
          },
          {
            "start": {
              "line": 53,
              "column": 22
            },
            "end": {
              "line": 53,
              "column": 41
            }
          }
        ],
        "line": 51
      }
    },
    "s": {
      "0": 2,
      "1": 2,
      "2": 5,
      "3": 1
    },
    "f": {
      "0": 2,
      "1": 5,
      "2": 1
    },
    "b": {
      "0": [
        5,
        2
      ],
      "1": [
        1,
        4
      ],
      "2": [
        1,
        4
      ]
    },
    "_coverageSchema": "1a1c01bbd47fc00a2c39e90264f33305004495a9",
    "hash": "a95f7d954774c4b648ac2a41fbc7571cb076a9b2"
  },
  "/Users/nhan.dang/Coder_Academy/NhanDang_T3A2/GP-Front/src/components/users/appointments.js": {
    "path": "/Users/nhan.dang/Coder_Academy/NhanDang_T3A2/GP-Front/src/components/users/appointments.js",
    "statementMap": {
      "0": {
        "start": {
          "line": 6,
          "column": 10
        },
        "end": {
          "line": 8,
          "column": 3
        }
      },
      "1": {
        "start": {
          "line": 11,
          "column": 16
        },
        "end": {
          "line": 11,
          "column": 47
        }
      },
      "2": {
        "start": {
          "line": 12,
          "column": 4
        },
        "end": {
          "line": 30,
          "column": 5
        }
      },
      "3": {
        "start": {
          "line": 13,
          "column": 6
        },
        "end": {
          "line": 29,
          "column": 7
        }
      },
      "4": {
        "start": {
          "line": 14,
          "column": 8
        },
        "end": {
          "line": 25,
          "column": 13
        }
      },
      "5": {
        "start": {
          "line": 21,
          "column": 31
        },
        "end": {
          "line": 21,
          "column": 44
        }
      },
      "6": {
        "start": {
          "line": 22,
          "column": 12
        },
        "end": {
          "line": 24,
          "column": 13
        }
      },
      "7": {
        "start": {
          "line": 23,
          "column": 14
        },
        "end": {
          "line": 23,
          "column": 60
        }
      },
      "8": {
        "start": {
          "line": 27,
          "column": 8
        },
        "end": {
          "line": 27,
          "column": 47
        }
      },
      "9": {
        "start": {
          "line": 28,
          "column": 8
        },
        "end": {
          "line": 28,
          "column": 33
        }
      },
      "10": {
        "start": {
          "line": 34,
          "column": 4
        },
        "end": {
          "line": 52,
          "column": 9
        }
      },
      "11": {
        "start": {
          "line": 37,
          "column": 26
        },
        "end": {
          "line": 37,
          "column": 79
        }
      },
      "12": {
        "start": {
          "line": 37,
          "column": 63
        },
        "end": {
          "line": 37,
          "column": 78
        }
      },
      "13": {
        "start": {
          "line": 38,
          "column": 8
        },
        "end": {
          "line": 45,
          "column": 13
        }
      },
      "14": {
        "start": {
          "line": 44,
          "column": 12
        },
        "end": {
          "line": 44,
          "column": 31
        }
      },
      "15": {
        "start": {
          "line": 46,
          "column": 8
        },
        "end": {
          "line": 46,
          "column": 33
        }
      },
      "16": {
        "start": {
          "line": 47,
          "column": 8
        },
        "end": {
          "line": 47,
          "column": 38
        }
      },
      "17": {
        "start": {
          "line": 50,
          "column": 8
        },
        "end": {
          "line": 50,
          "column": 25
        }
      },
      "18": {
        "start": {
          "line": 51,
          "column": 8
        },
        "end": {
          "line": 51,
          "column": 43
        }
      },
      "19": {
        "start": {
          "line": 56,
          "column": 27
        },
        "end": {
          "line": 56,
          "column": 50
        }
      },
      "20": {
        "start": {
          "line": 57,
          "column": 4
        },
        "end": {
          "line": 81,
          "column": 5
        }
      },
      "21": {
        "start": {
          "line": 58,
          "column": 6
        },
        "end": {
          "line": 62,
          "column": 8
        }
      },
      "22": {
        "start": {
          "line": 64,
          "column": 6
        },
        "end": {
          "line": 80,
          "column": 9
        }
      },
      "23": {
        "start": {
          "line": 65,
          "column": 34
        },
        "end": {
          "line": 65,
          "column": 92
        }
      },
      "24": {
        "start": {
          "line": 66,
          "column": 8
        },
        "end": {
          "line": 79,
          "column": 10
        }
      },
      "25": {
        "start": {
          "line": 73,
          "column": 16
        },
        "end": {
          "line": 73,
          "column": 56
        }
      },
      "26": {
        "start": {
          "line": 85,
          "column": 4
        },
        "end": {
          "line": 85,
          "column": 37
        }
      }
    },
    "fnMap": {
      "0": {
        "name": "(anonymous_0)",
        "decl": {
          "start": {
            "line": 10,
            "column": 2
          },
          "end": {
            "line": 10,
            "column": 3
          }
        },
        "loc": {
          "start": {
            "line": 10,
            "column": 22
          },
          "end": {
            "line": 31,
            "column": 3
          }
        },
        "line": 10
      },
      "1": {
        "name": "(anonymous_1)",
        "decl": {
          "start": {
            "line": 20,
            "column": 16
          },
          "end": {
            "line": 20,
            "column": 17
          }
        },
        "loc": {
          "start": {
            "line": 20,
            "column": 28
          },
          "end": {
            "line": 25,
            "column": 11
          }
        },
        "line": 20
      },
      "2": {
        "name": "(anonymous_2)",
        "decl": {
          "start": {
            "line": 33,
            "column": 2
          },
          "end": {
            "line": 33,
            "column": 3
          }
        },
        "loc": {
          "start": {
            "line": 33,
            "column": 24
          },
          "end": {
            "line": 53,
            "column": 3
          }
        },
        "line": 33
      },
      "3": {
        "name": "(anonymous_3)",
        "decl": {
          "start": {
            "line": 36,
            "column": 12
          },
          "end": {
            "line": 36,
            "column": 13
          }
        },
        "loc": {
          "start": {
            "line": 36,
            "column": 24
          },
          "end": {
            "line": 48,
            "column": 7
          }
        },
        "line": 36
      },
      "4": {
        "name": "(anonymous_4)",
        "decl": {
          "start": {
            "line": 37,
            "column": 55
          },
          "end": {
            "line": 37,
            "column": 56
          }
        },
        "loc": {
          "start": {
            "line": 37,
            "column": 63
          },
          "end": {
            "line": 37,
            "column": 78
          }
        },
        "line": 37
      },
      "5": {
        "name": "(anonymous_5)",
        "decl": {
          "start": {
            "line": 43,
            "column": 17
          },
          "end": {
            "line": 43,
            "column": 18
          }
        },
        "loc": {
          "start": {
            "line": 43,
            "column": 26
          },
          "end": {
            "line": 45,
            "column": 11
          }
        },
        "line": 43
      },
      "6": {
        "name": "(anonymous_6)",
        "decl": {
          "start": {
            "line": 49,
            "column": 13
          },
          "end": {
            "line": 49,
            "column": 14
          }
        },
        "loc": {
          "start": {
            "line": 49,
            "column": 20
          },
          "end": {
            "line": 52,
            "column": 7
          }
        },
        "line": 49
      },
      "7": {
        "name": "(anonymous_7)",
        "decl": {
          "start": {
            "line": 55,
            "column": 2
          },
          "end": {
            "line": 55,
            "column": 3
          }
        },
        "loc": {
          "start": {
            "line": 55,
            "column": 23
          },
          "end": {
            "line": 82,
            "column": 3
          }
        },
        "line": 55
      },
      "8": {
        "name": "(anonymous_8)",
        "decl": {
          "start": {
            "line": 64,
            "column": 34
          },
          "end": {
            "line": 64,
            "column": 35
          }
        },
        "loc": {
          "start": {
            "line": 64,
            "column": 54
          },
          "end": {
            "line": 80,
            "column": 7
          }
        },
        "line": 64
      },
      "9": {
        "name": "(anonymous_9)",
        "decl": {
          "start": {
            "line": 72,
            "column": 23
          },
          "end": {
            "line": 72,
            "column": 24
          }
        },
        "loc": {
          "start": {
            "line": 72,
            "column": 29
          },
          "end": {
            "line": 74,
            "column": 15
          }
        },
        "line": 72
      },
      "10": {
        "name": "(anonymous_10)",
        "decl": {
          "start": {
            "line": 84,
            "column": 2
          },
          "end": {
            "line": 84,
            "column": 3
          }
        },
        "loc": {
          "start": {
            "line": 84,
            "column": 11
          },
          "end": {
            "line": 86,
            "column": 3
          }
        },
        "line": 84
      }
    },
    "branchMap": {
      "0": {
        "loc": {
          "start": {
            "line": 12,
            "column": 4
          },
          "end": {
            "line": 30,
            "column": 5
          }
        },
        "type": "if",
        "locations": [
          {
            "start": {
              "line": 12,
              "column": 4
            },
            "end": {
              "line": 30,
              "column": 5
            }
          },
          {
            "start": {
              "line": 12,
              "column": 4
            },
            "end": {
              "line": 30,
              "column": 5
            }
          }
        ],
        "line": 12
      },
      "1": {
        "loc": {
          "start": {
            "line": 22,
            "column": 12
          },
          "end": {
            "line": 24,
            "column": 13
          }
        },
        "type": "if",
        "locations": [
          {
            "start": {
              "line": 22,
              "column": 12
            },
            "end": {
              "line": 24,
              "column": 13
            }
          },
          {
            "start": {
              "line": 22,
              "column": 12
            },
            "end": {
              "line": 24,
              "column": 13
            }
          }
        ],
        "line": 22
      },
      "2": {
        "loc": {
          "start": {
            "line": 57,
            "column": 4
          },
          "end": {
            "line": 81,
            "column": 5
          }
        },
        "type": "if",
        "locations": [
          {
            "start": {
              "line": 57,
              "column": 4
            },
            "end": {
              "line": 81,
              "column": 5
            }
          },
          {
            "start": {
              "line": 57,
              "column": 4
            },
            "end": {
              "line": 81,
              "column": 5
            }
          }
        ],
        "line": 57
      }
    },
    "s": {
      "0": 3,
      "1": 3,
      "2": 3,
      "3": 3,
      "4": 3,
      "5": 0,
      "6": 0,
      "7": 0,
      "8": 0,
      "9": 0,
      "10": 0,
      "11": 0,
      "12": 0,
      "13": 0,
      "14": 0,
      "15": 0,
      "16": 0,
      "17": 0,
      "18": 0,
      "19": 6,
      "20": 6,
      "21": 6,
      "22": 0,
      "23": 0,
      "24": 0,
      "25": 0,
      "26": 6
    },
    "f": {
      "0": 3,
      "1": 0,
      "2": 0,
      "3": 0,
      "4": 0,
      "5": 0,
      "6": 0,
      "7": 6,
      "8": 0,
      "9": 0,
      "10": 6
    },
    "b": {
      "0": [
        3,
        0
      ],
      "1": [
        0,
        0
      ],
      "2": [
        6,
        0
      ]
    },
    "_coverageSchema": "1a1c01bbd47fc00a2c39e90264f33305004495a9",
    "hash": "9d00c3bcd1c168d4a712bbc24d30103af7e58da7"
  },
  "/Users/nhan.dang/Coder_Academy/NhanDang_T3A2/GP-Front/src/components/normalizePhone.js": {
    "path": "/Users/nhan.dang/Coder_Academy/NhanDang_T3A2/GP-Front/src/components/normalizePhone.js",
    "statementMap": {
      "0": {
        "start": {
          "line": 1,
          "column": 23
        },
        "end": {
          "line": 9,
          "column": 1
        }
      },
      "1": {
        "start": {
          "line": 2,
          "column": 2
        },
        "end": {
          "line": 4,
          "column": 3
        }
      },
      "2": {
        "start": {
          "line": 3,
          "column": 4
        },
        "end": {
          "line": 3,
          "column": 16
        }
      },
      "3": {
        "start": {
          "line": 5,
          "column": 19
        },
        "end": {
          "line": 5,
          "column": 46
        }
      },
      "4": {
        "start": {
          "line": 6,
          "column": 2
        },
        "end": {
          "line": 8,
          "column": 5
        }
      },
      "5": {
        "start": {
          "line": 7,
          "column": 6
        },
        "end": {
          "line": 7,
          "column": 21
        }
      }
    },
    "fnMap": {
      "0": {
        "name": "(anonymous_0)",
        "decl": {
          "start": {
            "line": 1,
            "column": 23
          },
          "end": {
            "line": 1,
            "column": 24
          }
        },
        "loc": {
          "start": {
            "line": 1,
            "column": 49
          },
          "end": {
            "line": 9,
            "column": 1
          }
        },
        "line": 1
      }
    },
    "branchMap": {
      "0": {
        "loc": {
          "start": {
            "line": 2,
            "column": 2
          },
          "end": {
            "line": 4,
            "column": 3
          }
        },
        "type": "if",
        "locations": [
          {
            "start": {
              "line": 2,
              "column": 2
            },
            "end": {
              "line": 4,
              "column": 3
            }
          },
          {
            "start": {
              "line": 2,
              "column": 2
            },
            "end": {
              "line": 4,
              "column": 3
            }
          }
        ],
        "line": 2
      },
      "1": {
        "loc": {
          "start": {
            "line": 6,
            "column": 2
          },
          "end": {
            "line": 8,
            "column": 5
          }
        },
        "type": "if",
        "locations": [
          {
            "start": {
              "line": 6,
              "column": 2
            },
            "end": {
              "line": 8,
              "column": 5
            }
          },
          {
            "start": {
              "line": 6,
              "column": 2
            },
            "end": {
              "line": 8,
              "column": 5
            }
          }
        ],
        "line": 6
      },
      "2": {
        "loc": {
          "start": {
            "line": 6,
            "column": 6
          },
          "end": {
            "line": 6,
            "column": 59
          }
        },
        "type": "binary-expr",
        "locations": [
          {
            "start": {
              "line": 6,
              "column": 6
            },
            "end": {
              "line": 6,
              "column": 20
            }
          },
          {
            "start": {
              "line": 6,
              "column": 24
            },
            "end": {
              "line": 6,
              "column": 59
            }
          }
        ],
        "line": 6
      }
    },
    "s": {
      "0": 69,
      "1": 118,
      "2": 3,
      "3": 115,
      "4": 115,
      "5": 107
    },
    "f": {
      "0": 118
    },
    "b": {
      "0": [
        3,
        115
      ],
      "1": [
        107,
        8
      ],
      "2": [
        115,
        86
      ]
    },
    "_coverageSchema": "1a1c01bbd47fc00a2c39e90264f33305004495a9",
    "hash": "72be27693c5a4cdb2a4b340b283b2715824dcad8"
  },
  "/Users/nhan.dang/Coder_Academy/NhanDang_T3A2/GP-Front/src/components/users/editinfoform.js": {
    "path": "/Users/nhan.dang/Coder_Academy/NhanDang_T3A2/GP-Front/src/components/users/editinfoform.js",
    "statementMap": {
      "0": {
        "start": {
          "line": 8,
          "column": 15
        },
        "end": {
          "line": 8,
          "column": 17
        }
      },
      "1": {
        "start": {
          "line": 10,
          "column": 2
        },
        "end": {
          "line": 12,
          "column": 3
        }
      },
      "2": {
        "start": {
          "line": 11,
          "column": 4
        },
        "end": {
          "line": 11,
          "column": 48
        }
      },
      "3": {
        "start": {
          "line": 14,
          "column": 2
        },
        "end": {
          "line": 18,
          "column": 3
        }
      },
      "4": {
        "start": {
          "line": 15,
          "column": 4
        },
        "end": {
          "line": 15,
          "column": 39
        }
      },
      "5": {
        "start": {
          "line": 16,
          "column": 9
        },
        "end": {
          "line": 18,
          "column": 3
        }
      },
      "6": {
        "start": {
          "line": 17,
          "column": 4
        },
        "end": {
          "line": 17,
          "column": 43
        }
      },
      "7": {
        "start": {
          "line": 20,
          "column": 2
        },
        "end": {
          "line": 23,
          "column": 3
        }
      },
      "8": {
        "start": {
          "line": 21,
          "column": 4
        },
        "end": {
          "line": 22,
          "column": 96
        }
      },
      "9": {
        "start": {
          "line": 25,
          "column": 2
        },
        "end": {
          "line": 29,
          "column": 3
        }
      },
      "10": {
        "start": {
          "line": 26,
          "column": 4
        },
        "end": {
          "line": 26,
          "column": 42
        }
      },
      "11": {
        "start": {
          "line": 27,
          "column": 9
        },
        "end": {
          "line": 29,
          "column": 3
        }
      },
      "12": {
        "start": {
          "line": 28,
          "column": 4
        },
        "end": {
          "line": 28,
          "column": 69
        }
      },
      "13": {
        "start": {
          "line": 31,
          "column": 2
        },
        "end": {
          "line": 33,
          "column": 3
        }
      },
      "14": {
        "start": {
          "line": 32,
          "column": 4
        },
        "end": {
          "line": 32,
          "column": 56
        }
      },
      "15": {
        "start": {
          "line": 35,
          "column": 2
        },
        "end": {
          "line": 37,
          "column": 3
        }
      },
      "16": {
        "start": {
          "line": 36,
          "column": 4
        },
        "end": {
          "line": 36,
          "column": 48
        }
      },
      "17": {
        "start": {
          "line": 39,
          "column": 2
        },
        "end": {
          "line": 39,
          "column": 16
        }
      },
      "18": {
        "start": {
          "line": 43,
          "column": 4
        },
        "end": {
          "line": 50,
          "column": 6
        }
      },
      "19": {
        "start": {
          "line": 54,
          "column": 4
        },
        "end": {
          "line": 94,
          "column": 6
        }
      },
      "20": {
        "start": {
          "line": 98,
          "column": 0
        },
        "end": {
          "line": 102,
          "column": 17
        }
      }
    },
    "fnMap": {
      "0": {
        "name": "validate",
        "decl": {
          "start": {
            "line": 7,
            "column": 9
          },
          "end": {
            "line": 7,
            "column": 17
          }
        },
        "loc": {
          "start": {
            "line": 7,
            "column": 26
          },
          "end": {
            "line": 40,
            "column": 1
          }
        },
        "line": 7
      },
      "1": {
        "name": "(anonymous_1)",
        "decl": {
          "start": {
            "line": 42,
            "column": 2
          },
          "end": {
            "line": 42,
            "column": 3
          }
        },
        "loc": {
          "start": {
            "line": 42,
            "column": 73
          },
          "end": {
            "line": 51,
            "column": 3
          }
        },
        "line": 42
      },
      "2": {
        "name": "(anonymous_2)",
        "decl": {
          "start": {
            "line": 53,
            "column": 2
          },
          "end": {
            "line": 53,
            "column": 3
          }
        },
        "loc": {
          "start": {
            "line": 53,
            "column": 11
          },
          "end": {
            "line": 95,
            "column": 3
          }
        },
        "line": 53
      }
    },
    "branchMap": {
      "0": {
        "loc": {
          "start": {
            "line": 10,
            "column": 2
          },
          "end": {
            "line": 12,
            "column": 3
          }
        },
        "type": "if",
        "locations": [
          {
            "start": {
              "line": 10,
              "column": 2
            },
            "end": {
              "line": 12,
              "column": 3
            }
          },
          {
            "start": {
              "line": 10,
              "column": 2
            },
            "end": {
              "line": 12,
              "column": 3
            }
          }
        ],
        "line": 10
      },
      "1": {
        "loc": {
          "start": {
            "line": 14,
            "column": 2
          },
          "end": {
            "line": 18,
            "column": 3
          }
        },
        "type": "if",
        "locations": [
          {
            "start": {
              "line": 14,
              "column": 2
            },
            "end": {
              "line": 18,
              "column": 3
            }
          },
          {
            "start": {
              "line": 14,
              "column": 2
            },
            "end": {
              "line": 18,
              "column": 3
            }
          }
        ],
        "line": 14
      },
      "2": {
        "loc": {
          "start": {
            "line": 16,
            "column": 9
          },
          "end": {
            "line": 18,
            "column": 3
          }
        },
        "type": "if",
        "locations": [
          {
            "start": {
              "line": 16,
              "column": 9
            },
            "end": {
              "line": 18,
              "column": 3
            }
          },
          {
            "start": {
[...]
        "decl": {
          "start": {
            "line": 64,
            "column": 2
          },
          "end": {
            "line": 64,
            "column": 3
          }
        },
        "loc": {
          "start": {
            "line": 64,
            "column": 11
          },
          "end": {
            "line": 81,
            "column": 3
          }
        },
        "line": 64
      }
    },
    "branchMap": {},
    "s": {
      "0": 1,
      "1": 1,
      "2": 1,
      "3": 1,
      "4": 1,
      "5": 1,
      "6": 1,
      "7": 0,
      "8": 0,
      "9": 1,
      "10": 1,
      "11": 1,
      "12": 0,
      "13": 0,
      "14": 0,
      "15": 0,
      "16": 1,
      "17": 1,
      "18": 3,
      "19": 3
    },
    "f": {
      "0": 1,
      "1": 1,
      "2": 1,
      "3": 0,
      "4": 1,
      "5": 3
    },
    "b": {},
    "_coverageSchema": "1a1c01bbd47fc00a2c39e90264f33305004495a9",
    "hash": "29f6c33897f4ecd9fb55f433fe24750c4a71574e"
  },
  "/Users/nhan.dang/Coder_Academy/NhanDang_T3A2/GP-Front/src/components/admin_dashboard/AppointmentsList.js": {
    "path": "/Users/nhan.dang/Coder_Academy/NhanDang_T3A2/GP-Front/src/components/admin_dashboard/AppointmentsList.js",
    "statementMap": {
      "0": {
        "start": {
          "line": 6,
          "column": 10
        },
        "end": {
          "line": 10,
          "column": 3
        }
      },
      "1": {
        "start": {
          "line": 13,
          "column": 4
        },
        "end": {
          "line": 26,
          "column": 5
        }
      },
      "2": {
        "start": {
          "line": 14,
          "column": 18
        },
        "end": {
          "line": 14,
          "column": 49
        }
      },
      "3": {
        "start": {
          "line": 15,
          "column": 6
        },
        "end": {
          "line": 22,
          "column": 11
        }
      },
      "4": {
        "start": {
          "line": 20,
          "column": 10
        },
        "end": {
          "line": 20,
          "column": 37
        }
      },
      "5": {
        "start": {
          "line": 21,
          "column": 10
        },
        "end": {
          "line": 21,
          "column": 76
        }
      },
      "6": {
        "start": {
          "line": 24,
          "column": 6
        },
        "end": {
          "line": 24,
          "column": 31
        }
      },
      "7": {
        "start": {
          "line": 25,
          "column": 6
        },
        "end": {
          "line": 25,
          "column": 45
        }
      },
      "8": {
        "start": {
          "line": 30,
          "column": 4
        },
        "end": {
          "line": 50,
          "column": 9
        }
      },
      "9": {
        "start": {
          "line": 33,
          "column": 26
        },
        "end": {
          "line": 35,
          "column": 9
        }
      },
      "10": {
        "start": {
          "line": 34,
          "column": 18
        },
        "end": {
          "line": 34,
          "column": 33
        }
      },
      "11": {
        "start": {
          "line": 36,
          "column": 8
        },
        "end": {
          "line": 43,
          "column": 13
        }
      },
      "12": {
        "start": {
          "line": 42,
          "column": 12
        },
        "end": {
          "line": 42,
          "column": 31
        }
      },
      "13": {
        "start": {
          "line": 44,
          "column": 8
        },
        "end": {
          "line": 44,
          "column": 33
        }
      },
      "14": {
        "start": {
          "line": 45,
          "column": 8
        },
        "end": {
          "line": 45,
          "column": 38
        }
      },
      "15": {
        "start": {
          "line": 48,
          "column": 8
        },
        "end": {
          "line": 48,
          "column": 25
        }
      },
      "16": {
        "start": {
          "line": 49,
          "column": 8
        },
        "end": {
          "line": 49,
          "column": 43
        }
      },
      "17": {
        "start": {
          "line": 53,
          "column": 26
        },
        "end": {
          "line": 101,
          "column": 3
        }
      },
      "18": {
        "start": {
          "line": 54,
          "column": 25
        },
        "end": {
          "line": 54,
          "column": 51
        }
      },
      "19": {
        "start": {
          "line": 55,
          "column": 4
        },
        "end": {
          "line": 100,
          "column": 6
        }
      },
      "20": {
        "start": {
          "line": 76,
          "column": 16
        },
        "end": {
          "line": 76,
          "column": 27
        }
      },
      "21": {
        "start": {
          "line": 77,
          "column": 38
        },
        "end": {
          "line": 77,
          "column": 84
        }
      },
      "22": {
        "start": {
          "line": 79,
          "column": 12
        },
        "end": {
          "line": 96,
          "column": 14
        }
      },
      "23": {
        "start": {
          "line": 89,
          "column": 24
        },
        "end": {
          "line": 89,
          "column": 52
        }
      },
      "24": {
        "start": {
          "line": 104,
          "column": 25
        },
        "end": {
          "line": 104,
          "column": 51
        }
      },
      "25": {
        "start": {
          "line": 105,
          "column": 4
        },
        "end": {
          "line": 114,
          "column": 6
        }
      }
    },
    "fnMap": {
      "0": {
        "name": "(anonymous_0)",
        "decl": {
          "start": {
            "line": 12,
            "column": 2
          },
          "end": {
            "line": 12,
            "column": 3
          }
        },
        "loc": {
          "start": {
            "line": 12,
            "column": 28
          },
          "end": {
            "line": 27,
            "column": 3
          }
        },
        "line": 12
      },
      "1": {
        "name": "(anonymous_1)",
        "decl": {
          "start": {
            "line": 19,
            "column": 14
          },
          "end": {
            "line": 19,
            "column": 15
          }
        },
        "loc": {
          "start": {
            "line": 19,
            "column": 26
          },
          "end": {
            "line": 22,
            "column": 9
          }
        },
        "line": 19
      },
      "2": {
        "name": "(anonymous_2)",
        "decl": {
          "start": {
            "line": 29,
            "column": 2
          },
          "end": {
            "line": 29,
            "column": 3
          }
        },
        "loc": {
          "start": {
            "line": 29,
            "column": 24
          },
          "end": {
            "line": 51,
            "column": 3
          }
        },
        "line": 29
      },
      "3": {
        "name": "(anonymous_3)",
        "decl": {
          "start": {
            "line": 32,
            "column": 12
          },
          "end": {
            "line": 32,
            "column": 13
          }
        },
        "loc": {
          "start": {
            "line": 32,
            "column": 24
          },
          "end": {
            "line": 46,
            "column": 7
          }
        },
        "line": 32
      },
      "4": {
        "name": "(anonymous_4)",
        "decl": {
          "start": {
            "line": 34,
            "column": 10
          },
          "end": {
            "line": 34,
            "column": 11
          }
        },
        "loc": {
          "start": {
            "line": 34,
            "column": 18
          },
          "end": {
            "line": 34,
            "column": 33
          }
        },
        "line": 34
      },
      "5": {
        "name": "(anonymous_5)",
        "decl": {
          "start": {
            "line": 41,
            "column": 17
          },
          "end": {
            "line": 41,
            "column": 18
          }
        },
        "loc": {
          "start": {
            "line": 41,
            "column": 26
          },
          "end": {
            "line": 43,
            "column": 11
          }
        },
        "line": 41
      },
      "6": {
        "name": "(anonymous_6)",
        "decl": {
          "start": {
            "line": 47,
            "column": 13
          },
          "end": {
            "line": 47,
            "column": 14
          }
        },
        "loc": {
          "start": {
            "line": 47,
            "column": 20
          },
          "end": {
            "line": 50,
            "column": 7
          }
        },
        "line": 47
      },
      "7": {
        "name": "(anonymous_7)",
        "decl": {
          "start": {
            "line": 53,
            "column": 26
          },
          "end": {
            "line": 53,
            "column": 27
          }
        },
        "loc": {
          "start": {
            "line": 53,
            "column": 32
          },
          "end": {
            "line": 101,
            "column": 3
          }
        },
        "line": 53
      },
      "8": {
        "name": "(anonymous_8)",
        "decl": {
          "start": {
            "line": 68,
            "column": 28
          },
          "end": {
            "line": 68,
            "column": 29
          }
        },
        "loc": {
          "start": {
            "line": 68,
            "column": 52
          },
          "end": {
            "line": 97,
            "column": 11
          }
        },
        "line": 68
      },
      "9": {
        "name": "(anonymous_9)",
        "decl": {
          "start": {
            "line": 88,
            "column": 31
          },
          "end": {
            "line": 88,
            "column": 32
          }
        },
        "loc": {
          "start": {
            "line": 88,
            "column": 37
          },
          "end": {
            "line": 90,
            "column": 23
          }
        },
        "line": 88
      },
      "10": {
        "name": "(anonymous_10)",
        "decl": {
          "start": {
            "line": 103,
            "column": 2
          },
          "end": {
            "line": 103,
            "column": 3
          }
        },
        "loc": {
          "start": {
            "line": 103,
            "column": 11
          },
          "end": {
            "line": 115,
            "column": 3
          }
        },
        "line": 103
      }
    },
    "branchMap": {
      "0": {
        "loc": {
          "start": {
            "line": 108,
            "column": 9
          },
          "end": {
            "line": 112,
            "column": 40
          }
        },
        "type": "cond-expr",
        "locations": [
          {
            "start": {
              "line": 109,
              "column": 12
            },
            "end": {
              "line": 109,
              "column": 42
            }
          },
          {
            "start": {
              "line": 110,
              "column": 12
            },
            "end": {
              "line": 112,
              "column": 40
            }
          }
        ],
        "line": 108
      },
      "1": {
        "loc": {
          "start": {
            "line": 110,
            "column": 12
          },
          "end": {
            "line": 112,
            "column": 40
          }
        },
        "type": "cond-expr",
        "locations": [
          {
            "start": {
              "line": 111,
              "column": 12
            },
            "end": {
              "line": 111,
              "column": 40
            }
          },
          {
            "start": {
              "line": 112,
              "column": 12
            },
            "end": {
              "line": 112,
              "column": 40
            }
          }
        ],
        "line": 110
      }
    },
    "s": {
      "0": 3,
      "1": 3,
      "2": 3,
      "3": 3,
      "4": 3,
      "5": 3,
      "6": 0,
      "7": 0,
      "8": 0,
      "9": 0,
      "10": 0,
      "11": 0,
      "12": 0,
      "13": 0,
      "14": 0,
      "15": 0,
      "16": 0,
      "17": 3,
      "18": 2,
      "19": 2,
      "20": 57,
      "21": 57,
      "22": 57,
      "23": 0,
      "24": 5,
      "25": 5
    },
    "f": {
      "0": 3,
      "1": 3,
      "2": 0,
      "3": 0,
      "4": 0,
      "5": 0,
      "6": 0,
      "7": 2,
      "8": 57,
      "9": 0,
      "10": 5
    },
    "b": {
      "0": [
        3,
        2
      ],
      "1": [
        2,
        0
      ]
    },
    "_coverageSchema": "1a1c01bbd47fc00a2c39e90264f33305004495a9",
    "hash": "c47cc9032e0cc238d095a0567781f9a1bf4aff77"
  },
  "/Users/nhan.dang/Coder_Academy/NhanDang_T3A2/GP-Front/src/components/admin_dashboard/aboutEditForm.js": {
    "path": "/Users/nhan.dang/Coder_Academy/NhanDang_T3A2/GP-Front/src/components/admin_dashboard/aboutEditForm.js",
    "statementMap": {
      "0": {
        "start": {
          "line": 8,
          "column": 4
        },
        "end": {
          "line": 34,
          "column": 6
        }
      },
      "1": {
        "start": {
          "line": 38,
          "column": 0
        },
        "end": {
          "line": 40,
          "column": 14
        }
      },
      "2": {
        "start": {
          "line": 42,
          "column": 33
        },
        "end": {
          "line": 44,
          "column": 1
        }
      }
    },
    "fnMap": {
      "0": {
        "name": "(anonymous_0)",
        "decl": {
          "start": {
            "line": 7,
            "column": 2
          },
          "end": {
            "line": 7,
            "column": 3
          }
        },
        "loc": {
          "start": {
            "line": 7,
            "column": 11
          },
          "end": {
            "line": 35,
            "column": 3
          }
        },
        "line": 7
      },
      "1": {
        "name": "(anonymous_1)",
        "decl": {
          "start": {
            "line": 42,
            "column": 23
          },
          "end": {
            "line": 42,
            "column": 24
          }
        },
        "loc": {
          "start": {
            "line": 42,
            "column": 33
          },
          "end": {
            "line": 44,
            "column": 1
          }
        },
        "line": 42
      }
    },
    "branchMap": {},
    "s": {
      "0": 0,
      "1": 69,
      "2": 0
    },
    "f": {
      "0": 0,
      "1": 0
    },
    "b": {},
    "_coverageSchema": "1a1c01bbd47fc00a2c39e90264f33305004495a9",
    "hash": "2e099eed76eda63cfb43141277542675434f9aa6"
  },
  "/Users/nhan.dang/Coder_Academy/NhanDang_T3A2/GP-Front/src/components/admin_dashboard/EditAbout.js": {
    "path": "/Users/nhan.dang/Coder_Academy/NhanDang_T3A2/GP-Front/src/components/admin_dashboard/EditAbout.js",
    "statementMap": {
      "0": {
        "start": {
          "line": 7,
          "column": 4
        },
        "end": {
          "line": 7,
          "column": 17
        }
      },
      "1": {
        "start": {
          "line": 8,
          "column": 4
        },
        "end": {
          "line": 8,
          "column": 51
        }
      },
      "2": {
        "start": {
          "line": 9,
          "column": 4
        },
        "end": {
          "line": 9,
          "column": 28
        }
      },
      "3": {
        "start": {
          "line": 12,
          "column": 4
        },
        "end": {
          "line": 21,
          "column": 5
        }
      },
      "4": {
        "start": {
          "line": 13,
          "column": 6
        },
        "end": {
          "line": 17,
          "column": 8
        }
      },
      "5": {
        "start": {
          "line": 18,
          "column": 6
        },
        "end": {
          "line": 18,
          "column": 40
        }
      },
      "6": {
        "start": {
          "line": 20,
          "column": 6
        },
        "end": {
          "line": 20,
          "column": 25
        }
      },
      "7": {
        "start": {
          "line": 24,
          "column": 4
        },
        "end": {
          "line": 29,
          "column": 6
        }
      }
    },
    "fnMap": {
      "0": {
        "name": "(anonymous_0)",
        "decl": {
          "start": {
            "line": 6,
            "column": 2
          },
          "end": {
            "line": 6,
            "column": 3
          }
        },
        "loc": {
          "start": {
            "line": 6,
            "column": 21
          },
          "end": {
            "line": 10,
            "column": 3
          }
        },
        "line": 6
      },
      "1": {
        "name": "(anonymous_1)",
        "decl": {
          "start": {
            "line": 11,
            "column": 2
          },
          "end": {
            "line": 11,
            "column": 3
          }
        },
        "loc": {
          "start": {
            "line": 11,
            "column": 43
          },
          "end": {
            "line": 22,
            "column": 3
          }
        },
        "line": 11
      },
      "2": {
        "name": "(anonymous_2)",
        "decl": {
          "start": {
            "line": 23,
            "column": 2
          },
          "end": {
            "line": 23,
            "column": 3
          }
        },
        "loc": {
          "start": {
            "line": 23,
            "column": 11
          },
          "end": {
            "line": 30,
            "column": 3
          }
        },
        "line": 23
      }
    },
    "branchMap": {},
    "s": {
      "0": 0,
      "1": 0,
      "2": 0,
      "3": 0,
      "4": 0,
      "5": 0,
      "6": 0,
      "7": 0
    },
    "f": {
      "0": 0,
      "1": 0,
      "2": 0
    },
    "b": {},
    "_coverageSchema": "1a1c01bbd47fc00a2c39e90264f33305004495a9",
    "hash": "c3c684f70fbc1601e1d9b7b374d40c1881510023"
  },
  "/Users/nhan.dang/Coder_Academy/NhanDang_T3A2/GP-Front/src/App.js": {
    "path": "/Users/nhan.dang/Coder_Academy/NhanDang_T3A2/GP-Front/src/App.js",
    "statementMap": {
      "0": {
        "start": {
          "line": 41,
          "column": 12
        },
        "end": {
          "line": 82,
          "column": 1
        }
      },
      "1": {
        "start": {
          "line": 42,
          "column": 2
        },
        "end": {
          "line": 81,
          "column": 4
        }
      }
    },
    "fnMap": {
      "0": {
        "name": "(anonymous_0)",
        "decl": {
          "start": {
            "line": 41,
            "column": 12
          },
          "end": {
            "line": 41,
            "column": 13
          }
        },
        "loc": {
          "start": {
            "line": 41,
            "column": 18
          },
          "end": {
            "line": 82,
            "column": 1
          }
        },
        "line": 41
      }
    },
    "branchMap": {},
    "s": {
      "0": 69,
      "1": 69
    },
    "f": {
      "0": 69
    },
    "b": {},
    "_coverageSchema": "1a1c01bbd47fc00a2c39e90264f33305004495a9",
    "hash": "e69d1ffd6e4bcdbfe0ec7e5017d898ce077644d0"
  },
  "/Users/nhan.dang/Coder_Academy/NhanDang_T3A2/GP-Front/src/index.js": {
    "path": "/Users/nhan.dang/Coder_Academy/NhanDang_T3A2/GP-Front/src/index.js",
    "statementMap": {
      "0": {
        "start": {
          "line": 8,
          "column": 0
        },
        "end": {
          "line": 13,
          "column": 2
        }
      }
    },
    "fnMap": {},
    "branchMap": {},
    "s": {
      "0": 69
    },
    "f": {},
    "b": {},
    "_coverageSchema": "1a1c01bbd47fc00a2c39e90264f33305004495a9",
    "hash": "faf030398d5b0acfc204c6296d884b6a3f0f1772"
  }
}