{
  "/Users/christopherdalziel/Dev_Projects/MERN/dr/GP-Front/src/reducers/index.js": {
    "path": "/Users/christopherdalziel/Dev_Projects/MERN/dr/GP-Front/src/reducers/index.js",
    "statementMap": {},
    "fnMap": {},
    "branchMap": {},
    "s": {},
    "f": {},
    "b": {},
    "_coverageSchema": "43e27e138ebf9cfc5966b082cf9a028302ed4184",
    "hash": "b701fd4ca128cf99e8ff783c9587284a8f04f2a1"
  },
  "/Users/christopherdalziel/Dev_Projects/MERN/dr/GP-Front/src/store.js": {
    "path": "/Users/christopherdalziel/Dev_Projects/MERN/dr/GP-Front/src/store.js",
    "statementMap": {
      "0": {
        "start": {
          "line": 6,
          "column": 21
        },
        "end": {
          "line": 6,
          "column": 23
        }
      },
      "1": {
        "start": {
          "line": 8,
          "column": 19
        },
        "end": {
          "line": 8,
          "column": 26
        }
      },
      "2": {
        "start": {
          "line": 10,
          "column": 14
        },
        "end": {
          "line": 14,
          "column": 1
        }
      }
    },
    "fnMap": {},
    "branchMap": {},
    "s": {
      "0": 34,
      "1": 34,
      "2": 34
    },
    "f": {},
    "b": {},
    "_coverageSchema": "43e27e138ebf9cfc5966b082cf9a028302ed4184",
    "hash": "3b103aa6c09a6b5d6a0d58ce5ea73d1b770dd949"
  },
  "/Users/christopherdalziel/Dev_Projects/MERN/dr/GP-Front/src/ProtectedRoute.js": {
    "path": "/Users/christopherdalziel/Dev_Projects/MERN/dr/GP-Front/src/ProtectedRoute.js",
    "statementMap": {
      "0": {
        "start": {
          "line": 5,
          "column": 23
        },
        "end": {
          "line": 33,
          "column": 1
        }
      },
      "1": {
        "start": {
          "line": 6,
          "column": 16
        },
        "end": {
          "line": 6,
          "column": 28
        }
      },
      "2": {
        "start": {
          "line": 8,
          "column": 26
        },
        "end": {
          "line": 11,
          "column": 4
        }
      },
      "3": {
        "start": {
          "line": 13,
          "column": 2
        },
        "end": {
          "line": 25,
          "column": 10
        }
      },
      "4": {
        "start": {
          "line": 14,
          "column": 18
        },
        "end": {
          "line": 14,
          "column": 49
        }
      },
      "5": {
        "start": {
          "line": 15,
          "column": 4
        },
        "end": {
          "line": 24,
          "column": 7
        }
      },
      "6": {
        "start": {
          "line": 16,
          "column": 6
        },
        "end": {
          "line": 19,
          "column": 8
        }
      },
      "7": {
        "start": {
          "line": 20,
          "column": 8
        },
        "end": {
          "line": 23,
          "column": 10
        }
      },
      "8": {
        "start": {
          "line": 26,
          "column": 2
        },
        "end": {
          "line": 32,
          "column": 3
        }
      },
      "9": {
        "start": {
          "line": 27,
          "column": 4
        },
        "end": {
          "line": 27,
          "column": 15
        }
      },
      "10": {
        "start": {
          "line": 28,
          "column": 9
        },
        "end": {
          "line": 32,
          "column": 3
        }
      },
      "11": {
        "start": {
          "line": 29,
          "column": 4
        },
        "end": {
          "line": 29,
          "column": 36
        }
      },
      "12": {
        "start": {
          "line": 31,
          "column": 4
        },
        "end": {
          "line": 31,
          "column": 70
        }
      }
    },
    "fnMap": {
      "0": {
        "name": "(anonymous_0)",
        "decl": {
          "start": {
            "line": 5,
            "column": 23
          },
          "end": {
            "line": 5,
            "column": 24
          }
        },
        "loc": {
          "start": {
            "line": 5,
            "column": 63
          },
          "end": {
            "line": 33,
            "column": 1
          }
        },
        "line": 5
      },
      "1": {
        "name": "(anonymous_1)",
        "decl": {
          "start": {
            "line": 13,
            "column": 12
          },
          "end": {
            "line": 13,
            "column": 13
          }
        },
        "loc": {
          "start": {
            "line": 13,
            "column": 18
          },
          "end": {
            "line": 25,
            "column": 5
          }
        },
        "line": 13
      }
    },
    "branchMap": {
      "0": {
        "loc": {
          "start": {
            "line": 15,
            "column": 4
          },
          "end": {
            "line": 24,
            "column": 7
          }
        },
        "type": "if",
        "locations": [
          {
            "start": {
              "line": 15,
              "column": 4
            },
            "end": {
              "line": 24,
              "column": 7
            }
          },
          {
            "start": {
              "line": 15,
              "column": 4
            },
            "end": {
              "line": 24,
              "column": 7
            }
          }
        ],
        "line": 15
      },
      "1": {
        "loc": {
          "start": {
            "line": 26,
            "column": 2
          },
          "end": {
            "line": 32,
            "column": 3
          }
        },
        "type": "if",
        "locations": [
          {
            "start": {
              "line": 26,
              "column": 2
            },
            "end": {
              "line": 32,
              "column": 3
            }
          },
          {
            "start": {
              "line": 26,
              "column": 2
            },
            "end": {
              "line": 32,
              "column": 3
            }
          }
        ],
        "line": 26
      },
      "2": {
        "loc": {
          "start": {
            "line": 28,
            "column": 9
          },
          "end": {
            "line": 32,
            "column": 3
          }
        },
        "type": "if",
        "locations": [
          {
            "start": {
              "line": 28,
              "column": 9
            },
            "end": {
              "line": 32,
              "column": 3
            }
          },
          {
            "start": {
              "line": 28,
              "column": 9
            },
            "end": {
              "line": 32,
              "column": 3
            }
          }
        ],
        "line": 28
      }
    },
    "s": {
      "0": 34,
      "1": 0,
      "2": 0,
      "3": 0,
      "4": 0,
      "5": 0,
      "6": 0,
      "7": 0,
      "8": 0,
      "9": 0,
      "10": 0,
      "11": 0,
      "12": 0
    },
    "f": {
      "0": 0,
      "1": 0
    },
    "b": {
      "0": [
        0,
        0
      ],
      "1": [
        0,
        0
      ],
      "2": [
        0,
        0
      ]
    },
    "_coverageSchema": "43e27e138ebf9cfc5966b082cf9a028302ed4184",
    "hash": "25ee9f4d6df28c5894eb0f1dfe4b295fd0cd853c"
  },
  "/Users/christopherdalziel/Dev_Projects/MERN/dr/GP-Front/src/ProtectedAdminRoute.js": {
    "path": "/Users/christopherdalziel/Dev_Projects/MERN/dr/GP-Front/src/ProtectedAdminRoute.js",
    "statementMap": {
      "0": {
        "start": {
          "line": 4,
          "column": 28
        },
        "end": {
          "line": 50,
          "column": 1
        }
      },
      "1": {
        "start": {
          "line": 5,
          "column": 16
        },
        "end": {
          "line": 5,
          "column": 28
        }
      },
      "2": {
        "start": {
          "line": 7,
          "column": 26
        },
        "end": {
          "line": 10,
          "column": 4
        }
      },
      "3": {
        "start": {
          "line": 11,
          "column": 28
        },
        "end": {
          "line": 11,
          "column": 42
        }
      },
      "4": {
        "start": {
          "line": 13,
          "column": 25
        },
        "end": {
          "line": 21,
          "column": 3
        }
      },
      "5": {
        "start": {
          "line": 14,
          "column": 19
        },
        "end": {
          "line": 14,
          "column": 48
        }
      },
      "6": {
        "start": {
          "line": 15,
          "column": 4
        },
        "end": {
          "line": 19,
          "column": 5
        }
      },
      "7": {
        "start": {
          "line": 16,
          "column": 6
        },
        "end": {
          "line": 16,
          "column": 22
        }
      },
      "8": {
        "start": {
          "line": 18,
          "column": 6
        },
        "end": {
          "line": 18,
          "column": 23
        }
      },
      "9": {
        "start": {
          "line": 20,
          "column": 4
        },
        "end": {
          "line": 20,
          "column": 20
        }
      },
      "10": {
        "start": {
          "line": 23,
          "column": 2
        },
        "end": {
          "line": 38,
          "column": 10
        }
      },
      "11": {
        "start": {
          "line": 24,
          "column": 18
        },
        "end": {
          "line": 24,
          "column": 49
        }
      },
      "12": {
        "start": {
          "line": 25,
          "column": 18
        },
        "end": {
          "line": 25,
          "column": 34
        }
      },
      "13": {
        "start": {
          "line": 26,
          "column": 4
        },
        "end": {
          "line": 37,
          "column": 7
        }
      },
      "14": {
        "start": {
          "line": 27,
          "column": 6
        },
        "end": {
          "line": 30,
          "column": 8
        }
      },
      "15": {
        "start": {
          "line": 31,
          "column": 6
        },
        "end": {
          "line": 31,
          "column": 21
        }
      },
      "16": {
        "start": {
          "line": 33,
          "column": 8
        },
        "end": {
          "line": 36,
          "column": 10
        }
      },
      "17": {
        "start": {
          "line": 40,
          "column": 2
        },
        "end": {
          "line": 49,
          "column": 3
        }
      },
      "18": {
        "start": {
          "line": 41,
          "column": 4
        },
        "end": {
          "line": 41,
          "column": 15
        }
      },
      "19": {
        "start": {
          "line": 42,
          "column": 9
        },
        "end": {
          "line": 49,
          "column": 3
        }
      },
      "20": {
        "start": {
          "line": 43,
          "column": 4
        },
        "end": {
          "line": 43,
          "column": 36
        }
      },
      "21": {
        "start": {
          "line": 44,
          "column": 9
        },
        "end": {
          "line": 49,
          "column": 3
        }
      },
      "22": {
        "start": {
          "line": 45,
          "column": 4
        },
        "end": {
          "line": 45,
          "column": 53
        }
      },
      "23": {
        "start": {
          "line": 46,
          "column": 4
        },
        "end": {
          "line": 46,
          "column": 30
        }
      },
      "24": {
        "start": {
          "line": 48,
          "column": 4
        },
        "end": {
          "line": 48,
          "column": 53
        }
      }
    },
    "fnMap": {
      "0": {
        "name": "(anonymous_0)",
        "decl": {
          "start": {
            "line": 4,
            "column": 28
          },
          "end": {
            "line": 4,
            "column": 29
          }
        },
        "loc": {
          "start": {
            "line": 4,
            "column": 68
          },
          "end": {
            "line": 50,
            "column": 1
          }
        },
        "line": 4
      },
      "1": {
        "name": "(anonymous_1)",
        "decl": {
          "start": {
            "line": 13,
            "column": 25
          },
          "end": {
            "line": 13,
            "column": 26
          }
        },
        "loc": {
          "start": {
            "line": 13,
            "column": 31
          },
          "end": {
            "line": 21,
            "column": 3
          }
        },
        "line": 13
      },
      "2": {
        "name": "(anonymous_2)",
        "decl": {
          "start": {
            "line": 23,
            "column": 12
          },
          "end": {
            "line": 23,
            "column": 13
          }
        },
        "loc": {
          "start": {
            "line": 23,
            "column": 18
          },
          "end": {
            "line": 38,
            "column": 5
          }
        },
        "line": 23
      }
    },
    "branchMap": {
      "0": {
        "loc": {
          "start": {
            "line": 15,
            "column": 4
          },
          "end": {
            "line": 19,
            "column": 5
          }
        },
        "type": "if",
        "locations": [
          {
            "start": {
              "line": 15,
              "column": 4
            },
            "end": {
              "line": 19,
              "column": 5
            }
          },
          {
            "start": {
              "line": 15,
              "column": 4
            },
            "end": {
              "line": 19,
              "column": 5
            }
          }
        ],
        "line": 15
      },
      "1": {
        "loc": {
          "start": {
            "line": 26,
            "column": 4
          },
          "end": {
            "line": 37,
            "column": 7
          }
        },
        "type": "if",
        "locations": [
          {
            "start": {
              "line": 26,
              "column": 4
            },
            "end": {
              "line": 37,
              "column": 7
            }
          },
          {
            "start": {
              "line": 26,
              "column": 4
            },
            "end": {
              "line": 37,
              "column": 7
            }
          }
        ],
        "line": 26
      },
      "2": {
        "loc": {
          "start": {
            "line": 40,
            "column": 2
          },
          "end": {
            "line": 49,
            "column": 3
          }
        },
        "type": "if",
        "locations": [
          {
            "start": {
              "line": 40,
              "column": 2
            },
            "end": {
              "line": 49,
              "column": 3
            }
          },
          {
            "start": {
              "line": 40,
              "column": 2
            },
            "end": {
              "line": 49,
              "column": 3
            }
          }
        ],
        "line": 40
      },
      "3": {
        "loc": {
          "start": {
            "line": 42,
            "column": 9
          },
          "end": {
            "line": 49,
            "column": 3
          }
        },
        "type": "if",
        "locations": [
          {
            "start": {
              "line": 42,
              "column": 9
            },
            "end": {
              "line": 49,
              "column": 3
            }
          },
          {
            "start": {
              "line": 42,
              "column": 9
            },
            "end": {
              "line": 49,
              "column": 3
            }
          }
        ],
        "line": 42
      },
      "4": {
        "loc": {
          "start": {
            "line": 44,
            "column": 9
          },
          "end": {
            "line": 49,
            "column": 3
          }
        },
        "type": "if",
        "locations": [
          {
            "start": {
              "line": 44,
              "column": 9
            },
            "end": {
              "line": 49,
              "column": 3
            }
          },
          {
            "start": {
              "line": 44,
              "column": 9
            },
            "end": {
              "line": 49,
              "column": 3
            }
          }
        ],
        "line": 44
      }
    },
    "s": {
      "0": 34,
      "1": 0,
      "2": 0,
      "3": 0,
      "4": 0,
      "5": 0,
      "6": 0,
      "7": 0,
      "8": 0,
      "9": 0,
      "10": 0,
      "11": 0,
      "12": 0,
      "13": 0,
      "14": 0,
      "15": 0,
      "16": 0,
      "17": 0,
      "18": 0,
      "19": 0,
      "20": 0,
      "21": 0,
      "22": 0,
      "23": 0,
      "24": 0
    },
    "f": {
      "0": 0,
      "1": 0,
      "2": 0
    },
    "b": {
      "0": [
        0,
        0
      ],
      "1": [
        0,
        0
      ],
      "2": [
        0,
        0
      ],
      "3": [
        0,
        0
      ],
      "4": [
        0,
        0
      ]
    },
    "_coverageSchema": "43e27e138ebf9cfc5966b082cf9a028302ed4184",
    "hash": "22f75a076f960bac3786a2c3c2dd539410f88d74"
  },
  "/Users/christopherdalziel/Dev_Projects/MERN/dr/GP-Front/src/utils/pageLoading.js": {
    "path": "/Users/christopherdalziel/Dev_Projects/MERN/dr/GP-Front/src/utils/pageLoading.js",
    "statementMap": {
      "0": {
        "start": {
          "line": 4,
          "column": 0
        },
        "end": {
          "line": 11,
          "column": 3
        }
      }
    },
    "fnMap": {},
    "branchMap": {},
    "s": {
      "0": 34
    },
    "f": {},
    "b": {},
    "_coverageSchema": "43e27e138ebf9cfc5966b082cf9a028302ed4184",
    "hash": "043adb0692b5c8787d3a43d6c0ce5edee8a7a459"
  },
  "/Users/christopherdalziel/Dev_Projects/MERN/dr/GP-Front/src/pages/home.js": {
    "path": "/Users/christopherdalziel/Dev_Projects/MERN/dr/GP-Front/src/pages/home.js",
    "statementMap": {
      "0": {
        "start": {
          "line": 8,
          "column": 10
        },
        "end": {
          "line": 10,
          "column": 3
        }
      },
      "1": {
        "start": {
          "line": 13,
          "column": 4
        },
        "end": {
          "line": 13,
          "column": 38
        }
      },
      "2": {
        "start": {
          "line": 16,
          "column": 4
        },
        "end": {
          "line": 41,
          "column": 6
        }
      }
    },
    "fnMap": {
      "0": {
        "name": "(anonymous_0)",
        "decl": {
          "start": {
            "line": 12,
            "column": 2
          },
          "end": {
            "line": 12,
            "column": 3
          }
        },
        "loc": {
          "start": {
            "line": 12,
            "column": 22
          },
          "end": {
            "line": 14,
            "column": 3
          }
        },
        "line": 12
      },
      "1": {
        "name": "(anonymous_1)",
        "decl": {
          "start": {
            "line": 15,
            "column": 2
          },
          "end": {
            "line": 15,
            "column": 3
          }
        },
        "loc": {
          "start": {
            "line": 15,
            "column": 11
          },
          "end": {
            "line": 42,
            "column": 3
          }
        },
        "line": 15
      }
    },
    "branchMap": {
      "0": {
        "loc": {
          "start": {
            "line": 18,
            "column": 9
          },
          "end": {
            "line": 18,
            "column": 46
          }
        },
        "type": "binary-expr",
        "locations": [
          {
            "start": {
              "line": 18,
              "column": 9
            },
            "end": {
              "line": 18,
              "column": 27
            }
          },
          {
            "start": {
              "line": 18,
              "column": 31
            },
            "end": {
              "line": 18,
              "column": 46
            }
          }
        ],
        "line": 18
      }
    },
    "s": {
      "0": 32,
      "1": 32,
      "2": 67
    },
    "f": {
      "0": 32,
      "1": 67
    },
    "b": {
      "0": [
        67,
        32
      ]
    },
    "_coverageSchema": "43e27e138ebf9cfc5966b082cf9a028302ed4184",
    "hash": "2baa6090008b3366eee32cd73c29e3aac44cb7bf"
  },
  "/Users/christopherdalziel/Dev_Projects/MERN/dr/GP-Front/src/utils/getAdminStatus.js": {
    "path": "/Users/christopherdalziel/Dev_Projects/MERN/dr/GP-Front/src/utils/getAdminStatus.js",
    "statementMap": {
      "0": {
        "start": {
          "line": 4,
          "column": 17
        },
        "end": {
          "line": 4,
          "column": 46
        }
      },
      "1": {
        "start": {
          "line": 5,
          "column": 2
        },
        "end": {
          "line": 9,
          "column": 3
        }
      },
      "2": {
        "start": {
          "line": 6,
          "column": 4
        },
        "end": {
          "line": 6,
          "column": 20
        }
      },
      "3": {
        "start": {
          "line": 8,
          "column": 4
        },
        "end": {
          "line": 8,
          "column": 21
        }
      },
      "4": {
        "start": {
          "line": 10,
          "column": 2
        },
        "end": {
          "line": 10,
          "column": 18
        }
      }
    },
    "fnMap": {
      "0": {
        "name": "getAdminStatus",
        "decl": {
          "start": {
            "line": 3,
            "column": 9
          },
          "end": {
            "line": 3,
            "column": 23
          }
        },
        "loc": {
          "start": {
            "line": 3,
            "column": 26
          },
          "end": {
            "line": 11,
            "column": 1
          }
        },
        "line": 3
      }
    },
    "branchMap": {
      "0": {
        "loc": {
          "start": {
            "line": 5,
            "column": 2
          },
          "end": {
            "line": 9,
            "column": 3
          }
        },
        "type": "if",
        "locations": [
          {
            "start": {
              "line": 5,
              "column": 2
            },
            "end": {
              "line": 9,
              "column": 3
            }
          },
          {
            "start": {
              "line": 5,
              "column": 2
            },
            "end": {
              "line": 9,
              "column": 3
            }
          }
        ],
        "line": 5
      }
    },
    "s": {
      "0": 636,
      "1": 636,
      "2": 311,
      "3": 325,
      "4": 636
    },
    "f": {
      "0": 636
    },
    "b": {
      "0": [
        311,
        325
      ]
    },
    "_coverageSchema": "43e27e138ebf9cfc5966b082cf9a028302ed4184",
    "hash": "abe0bdd55b18163ce8e33bb054dba4b57686b23f"
  },
  "/Users/christopherdalziel/Dev_Projects/MERN/dr/GP-Front/src/components/BurgerNav.js": {
    "path": "/Users/christopherdalziel/Dev_Projects/MERN/dr/GP-Front/src/components/BurgerNav.js",
    "statementMap": {
      "0": {
        "start": {
          "line": 6,
          "column": 18
        },
        "end": {
          "line": 127,
          "column": 1
        }
      },
      "1": {
        "start": {
          "line": 7,
          "column": 17
        },
        "end": {
          "line": 15,
          "column": 3
        }
      },
      "2": {
        "start": {
          "line": 8,
          "column": 4
        },
        "end": {
          "line": 8,
          "column": 23
        }
      },
      "3": {
        "start": {
          "line": 10,
          "column": 4
        },
        "end": {
          "line": 10,
          "column": 39
        }
      },
      "4": {
        "start": {
          "line": 11,
          "column": 4
        },
        "end": {
          "line": 11,
          "column": 39
        }
      },
      "5": {
        "start": {
          "line": 12,
          "column": 4
        },
        "end": {
          "line": 12,
          "column": 42
        }
      },
      "6": {
        "start": {
          "line": 13,
          "column": 4
        },
        "end": {
          "line": 13,
          "column": 28
        }
      },
      "7": {
        "start": {
          "line": 14,
          "column": 4
        },
        "end": {
          "line": 14,
          "column": 34
        }
      },
      "8": {
        "start": {
          "line": 18,
          "column": 22
        },
        "end": {
          "line": 18,
          "column": 56
        }
      },
      "9": {
        "start": {
          "line": 19,
          "column": 4
        },
        "end": {
          "line": 23,
          "column": 5
        }
      },
      "10": {
        "start": {
          "line": 20,
          "column": 6
        },
        "end": {
          "line": 20,
          "column": 25
        }
      },
      "11": {
        "start": {
          "line": 22,
          "column": 6
        },
        "end": {
          "line": 22,
          "column": 26
        }
      },
      "12": {
        "start": {
          "line": 24,
          "column": 4
        },
        "end": {
          "line": 24,
          "column": 23
        }
      },
      "13": {
        "start": {
          "line": 27,
          "column": 14
        },
        "end": {
          "line": 27,
          "column": 30
        }
      },
      "14": {
        "start": {
          "line": 28,
          "column": 17
        },
        "end": {
          "line": 28,
          "column": 36
        }
      },
      "15": {
        "start": {
          "line": 30,
          "column": 24
        },
        "end": {
          "line": 46,
          "column": 3
        }
      },
      "16": {
        "start": {
          "line": 31,
          "column": 4
        },
        "end": {
          "line": 45,
          "column": 6
        }
      },
      "17": {
        "start": {
          "line": 48,
          "column": 25
        },
        "end": {
          "line": 60,
          "column": 3
        }
      },
      "18": {
        "start": {
          "line": 49,
          "column": 4
        },
        "end": {
          "line": 59,
          "column": 6
        }
      },
      "19": {
        "start": {
          "line": 62,
          "column": 20
        },
        "end": {
          "line": 68,
          "column": 3
        }
      },
      "20": {
        "start": {
          "line": 63,
          "column": 4
        },
        "end": {
          "line": 67,
          "column": 6
        }
      },
      "21": {
        "start": {
          "line": 95,
          "column": 2
        },
        "end": {
          "line": 126,
          "column": 4
        }
      }
    },
    "fnMap": {
      "0": {
        "name": "(anonymous_0)",
        "decl": {
          "start": {
            "line": 6,
            "column": 18
          },
          "end": {
            "line": 6,
            "column": 19
          }
        },
        "loc": {
          "start": {
            "line": 6,
            "column": 27
          },
          "end": {
            "line": 127,
            "column": 1
          }
        },
        "line": 6
      },
      "1": {
        "name": "(anonymous_1)",
        "decl": {
          "start": {
            "line": 7,
            "column": 17
          },
          "end": {
            "line": 7,
            "column": 18
          }
        },
        "loc": {
          "start": {
            "line": 7,
            "column": 22
          },
          "end": {
            "line": 15,
            "column": 3
          }
        },
        "line": 7
      },
      "2": {
        "name": "getLoggedInStatus",
        "decl": {
          "start": {
            "line": 17,
            "column": 11
          },
          "end": {
            "line": 17,
            "column": 28
          }
        },
        "loc": {
          "start": {
            "line": 17,
            "column": 31
          },
          "end": {
            "line": 25,
            "column": 3
          }
        },
        "line": 17
      },
      "3": {
        "name": "(anonymous_3)",
        "decl": {
          "start": {
            "line": 30,
            "column": 24
          },
          "end": {
            "line": 30,
            "column": 25
          }
        },
        "loc": {
          "start": {
            "line": 30,
            "column": 30
          },
          "end": {
            "line": 46,
            "column": 3
          }
        },
        "line": 30
      },
      "4": {
        "name": "(anonymous_4)",
        "decl": {
          "start": {
            "line": 48,
            "column": 25
          },
          "end": {
            "line": 48,
            "column": 26
          }
        },
        "loc": {
          "start": {
            "line": 48,
            "column": 31
          },
          "end": {
            "line": 60,
            "column": 3
          }
        },
        "line": 48
      },
      "5": {
        "name": "(anonymous_5)",
        "decl": {
          "start": {
            "line": 62,
            "column": 20
          },
          "end": {
            "line": 62,
            "column": 21
          }
        },
        "loc": {
          "start": {
            "line": 62,
            "column": 26
          },
          "end": {
            "line": 68,
            "column": 3
          }
        },
        "line": 62
      }
    },
    "branchMap": {
      "0": {
        "loc": {
          "start": {
            "line": 19,
            "column": 4
          },
          "end": {
            "line": 23,
            "column": 5
          }
        },
        "type": "if",
        "locations": [
          {
            "start": {
              "line": 19,
              "column": 4
            },
            "end": {
              "line": 23,
              "column": 5
            }
          },
          {
            "start": {
              "line": 19,
              "column": 4
            },
            "end": {
              "line": 23,
              "column": 5
            }
          }
        ],
        "line": 19
      },
      "1": {
        "loc": {
          "start": {
            "line": 37,
            "column": 9
          },
          "end": {
            "line": 43,
            "column": 23
          }
        },
        "type": "cond-expr",
        "locations": [
          {
            "start": {
              "line": 38,
              "column": 12
            },
            "end": {
              "line": 38,
              "column": 16
            }
          },
          {
            "start": {
              "line": 43,
              "column": 12
            },
            "end": {
              "line": 43,
              "column": 23
            }
          }
        ],
        "line": 37
      },
      "2": {
        "loc": {
          "start": {
            "line": 107,
            "column": 11
          },
          "end": {
            "line": 107,
            "column": 56
          }
        },
        "type": "cond-expr",
        "locations": [
          {
            "start": {
              "line": 107,
              "column": 22
            },
            "end": {
              "line": 107,
              "column": 37
            }
          },
          {
            "start": {
              "line": 107,
              "column": 40
            },
            "end": {
              "line": 107,
              "column": 56
            }
          }
        ],
        "line": 107
      }
    },
    "s": {
      "0": 34,
      "1": 63,
      "2": 0,
      "3": 0,
      "4": 0,
      "5": 0,
      "6": 0,
      "7": 0,
      "8": 63,
      "9": 63,
      "10": 0,
      "11": 63,
      "12": 63,
      "13": 63,
      "14": 63,
      "15": 63,
      "16": 0,
      "17": 63,
      "18": 63,
      "19": 63,
      "20": 0,
      "21": 63
    },
    "f": {
      "0": 63,
      "1": 0,
      "2": 63,
      "3": 0,
      "4": 63,
      "5": 0
    },
    "b": {
      "0": [
        0,
        63
      ],
      "1": [
        0,
        0
      ],
      "2": [
        0,
        63
      ]
    },
    "_coverageSchema": "43e27e138ebf9cfc5966b082cf9a028302ed4184",
    "hash": "6cd09a7e6c699de66b41cc93f5d8bd9b05e79d5e"
  },
  "/Users/christopherdalziel/Dev_Projects/MERN/dr/GP-Front/src/components/Nav.js": {
    "path": "/Users/christopherdalziel/Dev_Projects/MERN/dr/GP-Front/src/components/Nav.js",
    "statementMap": {
      "0": {
        "start": {
          "line": 7,
          "column": 12
        },
        "end": {
          "line": 127,
          "column": 1
        }
      },
      "1": {
        "start": {
          "line": 8,
          "column": 17
        },
        "end": {
          "line": 16,
          "column": 3
        }
      },
      "2": {
        "start": {
          "line": 9,
          "column": 4
        },
        "end": {
          "line": 9,
          "column": 23
        }
      },
      "3": {
        "start": {
          "line": 11,
          "column": 4
        },
        "end": {
          "line": 11,
          "column": 39
        }
      },
      "4": {
        "start": {
          "line": 12,
          "column": 4
        },
        "end": {
          "line": 12,
          "column": 37
        }
      },
      "5": {
        "start": {
          "line": 13,
          "column": 4
        },
        "end": {
          "line": 13,
          "column": 38
        }
      },
      "6": {
        "start": {
          "line": 14,
          "column": 4
        },
        "end": {
          "line": 14,
          "column": 28
        }
      },
      "7": {
        "start": {
          "line": 15,
          "column": 4
        },
        "end": {
          "line": 15,
          "column": 34
        }
      },
      "8": {
        "start": {
          "line": 19,
          "column": 22
        },
        "end": {
          "line": 19,
          "column": 52
        }
      },
      "9": {
        "start": {
          "line": 20,
          "column": 4
        },
        "end": {
          "line": 24,
          "column": 5
        }
      },
      "10": {
        "start": {
          "line": 21,
          "column": 6
        },
        "end": {
          "line": 21,
          "column": 25
        }
      },
      "11": {
        "start": {
          "line": 23,
          "column": 6
        },
        "end": {
          "line": 23,
          "column": 26
        }
      },
      "12": {
        "start": {
          "line": 25,
          "column": 4
        },
        "end": {
          "line": 25,
          "column": 23
        }
      },
      "13": {
        "start": {
          "line": 28,
          "column": 14
        },
        "end": {
          "line": 28,
          "column": 30
        }
      },
      "14": {
        "start": {
          "line": 29,
          "column": 17
        },
        "end": {
          "line": 29,
          "column": 36
        }
      },
      "15": {
        "start": {
          "line": 31,
          "column": 24
        },
        "end": {
          "line": 50,
          "column": 3
        }
      },
      "16": {
        "start": {
          "line": 32,
          "column": 4
        },
        "end": {
          "line": 49,
          "column": 6
        }
      },
      "17": {
        "start": {
          "line": 52,
          "column": 25
        },
        "end": {
          "line": 65,
          "column": 3
        }
      },
      "18": {
        "start": {
          "line": 53,
          "column": 4
        },
        "end": {
          "line": 64,
          "column": 6
        }
      },
      "19": {
        "start": {
          "line": 67,
          "column": 20
        },
        "end": {
          "line": 73,
          "column": 3
        }
      },
      "20": {
        "start": {
          "line": 68,
          "column": 4
        },
        "end": {
          "line": 72,
          "column": 6
        }
      },
      "21": {
        "start": {
          "line": 75,
          "column": 21
        },
        "end": {
          "line": 98,
          "column": 3
        }
      },
      "22": {
        "start": {
          "line": 76,
          "column": 4
        },
        "end": {
          "line": 97,
          "column": 6
        }
      },
      "23": {
        "start": {
          "line": 100,
          "column": 2
        },
        "end": {
          "line": 126,
          "column": 4
        }
      }
    },
    "fnMap": {
      "0": {
        "name": "(anonymous_0)",
        "decl": {
          "start": {
            "line": 7,
            "column": 12
          },
          "end": {
            "line": 7,
            "column": 13
          }
        },
        "loc": {
          "start": {
            "line": 7,
            "column": 21
          },
          "end": {
            "line": 127,
            "column": 1
          }
        },
        "line": 7
      },
      "1": {
        "name": "(anonymous_1)",
        "decl": {
          "start": {
            "line": 8,
            "column": 17
          },
          "end": {
            "line": 8,
            "column": 18
          }
        },
        "loc": {
          "start": {
            "line": 8,
            "column": 22
          },
          "end": {
            "line": 16,
            "column": 3
          }
        },
        "line": 8
      },
      "2": {
        "name": "getLoggedInStatus",
        "decl": {
          "start": {
            "line": 18,
            "column": 11
          },
          "end": {
            "line": 18,
            "column": 28
          }
        },
        "loc": {
          "start": {
            "line": 18,
            "column": 31
          },
          "end": {
            "line": 26,
            "column": 3
          }
        },
        "line": 18
      },
      "3": {
        "name": "(anonymous_3)",
        "decl": {
          "start": {
            "line": 31,
            "column": 24
          },
          "end": {
            "line": 31,
            "column": 25
          }
        },
        "loc": {
          "start": {
            "line": 31,
            "column": 30
          },
          "end": {
            "line": 50,
            "column": 3
          }
        },
        "line": 31
      },
      "4": {
        "name": "(anonymous_4)",
        "decl": {
          "start": {
            "line": 52,
            "column": 25
          },
          "end": {
            "line": 52,
            "column": 26
          }
        },
        "loc": {
          "start": {
            "line": 52,
            "column": 31
          },
          "end": {
            "line": 65,
            "column": 3
          }
        },
        "line": 52
      },
      "5": {
        "name": "(anonymous_5)",
        "decl": {
          "start": {
            "line": 67,
            "column": 20
          },
          "end": {
            "line": 67,
            "column": 21
          }
        },
        "loc": {
          "start": {
            "line": 67,
            "column": 26
          },
          "end": {
            "line": 73,
            "column": 3
          }
        },
        "line": 67
      },
      "6": {
        "name": "(anonymous_6)",
        "decl": {
          "start": {
            "line": 75,
            "column": 21
          },
          "end": {
            "line": 75,
            "column": 22
          }
        },
        "loc": {
          "start": {
            "line": 75,
            "column": 27
          },
          "end": {
            "line": 98,
            "column": 3
          }
        },
        "line": 75
      }
    },
    "branchMap": {
      "0": {
        "loc": {
          "start": {
            "line": 20,
            "column": 4
          },
          "end": {
            "line": 24,
            "column": 5
          }
        },
        "type": "if",
        "locations": [
          {
            "start": {
              "line": 20,
              "column": 4
            },
            "end": {
              "line": 24,
              "column": 5
            }
          },
          {
            "start": {
              "line": 20,
              "column": 4
            },
            "end": {
              "line": 24,
              "column": 5
            }
          }
        ],
        "line": 20
      },
      "1": {
        "loc": {
          "start": {
            "line": 40,
            "column": 9
          },
          "end": {
            "line": 47,
            "column": 9
          }
        },
        "type": "cond-expr",
        "locations": [
          {
            "start": {
              "line": 41,
              "column": 10
            },
            "end": {
              "line": 44,
              "column": 15
            }
          },
          {
            "start": {
              "line": 46,
              "column": 10
            },
            "end": {
              "line": 46,
              "column": 21
            }
          }
        ],
        "line": 40
      },
      "2": {
        "loc": {
          "start": {
            "line": 107,
            "column": 11
          },
          "end": {
            "line": 107,
            "column": 56
          }
        },
        "type": "cond-expr",
        "locations": [
          {
            "start": {
              "line": 107,
              "column": 22
            },
            "end": {
              "line": 107,
              "column": 37
            }
          },
          {
            "start": {
              "line": 107,
              "column": 40
            },
            "end": {
              "line": 107,
              "column": 56
            }
          }
        ],
        "line": 107
      }
    },
    "s": {
      "0": 34,
      "1": 63,
      "2": 5,
      "3": 5,
      "4": 5,
      "5": 5,
      "6": 5,
      "7": 5,
      "8": 63,
      "9": 63,
      "10": 28,
      "11": 35,
      "12": 63,
      "13": 63,
      "14": 63,
      "15": 63,
      "16": 28,
      "17": 63,
      "18": 35,
      "19": 63,
      "20": 0,
      "21": 63,
      "22": 28,
      "23": 63
    },
    "f": {
      "0": 63,
      "1": 5,
      "2": 63,
      "3": 28,
      "4": 35,
      "5": 0,
      "6": 28
    },
    "b": {
      "0": [
        28,
        35
      ],
      "1": [
        28,
        0
      ],
      "2": [
        28,
        35
      ]
    },
    "_coverageSchema": "43e27e138ebf9cfc5966b082cf9a028302ed4184",
    "hash": "7aa77d3a32cb36d8e11f9fc60c06b6ebc7514aca"
  },
  "/Users/christopherdalziel/Dev_Projects/MERN/dr/GP-Front/src/components/Contact/ContactForm.js": {
    "path": "/Users/christopherdalziel/Dev_Projects/MERN/dr/GP-Front/src/components/Contact/ContactForm.js",
    "statementMap": {
      "0": {
        "start": {
          "line": 5,
          "column": 17
        },
        "end": {
          "line": 9,
          "column": 3
        }
      },
      "1": {
        "start": {
          "line": 6,
          "column": 4
        },
        "end": {
          "line": 6,
          "column": 23
        }
      },
      "2": {
        "start": {
          "line": 7,
          "column": 4
        },
        "end": {
          "line": 7,
          "column": 30
        }
      },
      "3": {
        "start": {
          "line": 8,
          "column": 4
        },
        "end": {
          "line": 8,
          "column": 23
        }
      },
      "4": {
        "start": {
          "line": 11,
          "column": 4
        },
        "end": {
          "line": 42,
          "column": 6
        }
      },
      "5": {
        "start": {
          "line": 45,
          "column": 0
        },
        "end": {
          "line": 45,
          "column": 62
        }
      }
    },
    "fnMap": {
      "0": {
        "name": "(anonymous_0)",
        "decl": {
          "start": {
            "line": 5,
            "column": 17
          },
          "end": {
            "line": 5,
            "column": 18
          }
        },
        "loc": {
          "start": {
            "line": 5,
            "column": 22
          },
          "end": {
            "line": 9,
            "column": 3
          }
        },
        "line": 5
      },
      "1": {
        "name": "(anonymous_1)",
        "decl": {
          "start": {
            "line": 10,
            "column": 2
          },
          "end": {
            "line": 10,
            "column": 3
          }
        },
        "loc": {
          "start": {
            "line": 10,
            "column": 11
          },
          "end": {
            "line": 43,
            "column": 3
          }
        },
        "line": 10
      }
    },
    "branchMap": {},
    "s": {
      "0": 1,
      "1": 1,
      "2": 1,
      "3": 1,
      "4": 4,
      "5": 34
    },
    "f": {
      "0": 1,
      "1": 4
    },
    "b": {},
    "_coverageSchema": "43e27e138ebf9cfc5966b082cf9a028302ed4184",
    "hash": "fc95d76fd52374e3bedd74059936c229c1974117"
  },
  "/Users/christopherdalziel/Dev_Projects/MERN/dr/GP-Front/src/components/Contact/ToggleDisplay.js": {
    "path": "/Users/christopherdalziel/Dev_Projects/MERN/dr/GP-Front/src/components/Contact/ToggleDisplay.js",
    "statementMap": {
      "0": {
        "start": {
          "line": 6,
          "column": 10
        },
        "end": {
          "line": 8,
          "column": 3
        }
      },
      "1": {
        "start": {
          "line": 12,
          "column": 21
        },
        "end": {
          "line": 14,
          "column": 5
        }
      },
      "2": {
        "start": {
          "line": 15,
          "column": 17
        },
        "end": {
          "line": 15,
          "column": 38
        }
      },
      "3": {
        "start": {
          "line": 16,
          "column": 4
        },
        "end": {
          "line": 18,
          "column": 7
        }
      },
      "4": {
        "start": {
          "line": 22,
          "column": 21
        },
        "end": {
          "line": 22,
          "column": 31
        }
      },
      "5": {
        "start": {
          "line": 23,
          "column": 4
        },
        "end": {
          "line": 69,
          "column": 6
        }
      },
      "6": {
        "start": {
          "line": 42,
          "column": 16
        },
        "end": {
          "line": 48,
          "column": 18
        }
      }
    },
    "fnMap": {
      "0": {
        "name": "(anonymous_0)",
        "decl": {
          "start": {
            "line": 11,
            "column": 2
          },
          "end": {
            "line": 11,
            "column": 3
          }
        },
        "loc": {
          "start": {
            "line": 11,
            "column": 28
          },
          "end": {
            "line": 19,
            "column": 3
          }
        },
        "line": 11
      },
      "1": {
        "name": "(anonymous_1)",
        "decl": {
          "start": {
            "line": 21,
            "column": 2
          },
          "end": {
            "line": 21,
            "column": 3
          }
        },
        "loc": {
          "start": {
            "line": 21,
            "column": 11
          },
          "end": {
            "line": 70,
            "column": 3
          }
        },
        "line": 21
      },
      "2": {
        "name": "(anonymous_2)",
        "decl": {
          "start": {
            "line": 41,
            "column": 23
          },
          "end": {
            "line": 41,
            "column": 24
          }
        },
        "loc": {
          "start": {
            "line": 41,
            "column": 41
          },
          "end": {
            "line": 49,
            "column": 15
          }
        },
        "line": 41
      }
    },
    "branchMap": {
      "0": {
        "loc": {
          "start": {
            "line": 40,
            "column": 11
          },
          "end": {
            "line": 50,
            "column": 18
          }
        },
        "type": "cond-expr",
        "locations": [
          {
            "start": {
              "line": 41,
              "column": 14
            },
            "end": {
              "line": 49,
              "column": 16
            }
          },
          {
            "start": {
              "line": 50,
              "column": 14
            },
            "end": {
              "line": 50,
              "column": 18
            }
          }
        ],
        "line": 40
      }
    },
    "s": {
      "0": 1,
      "1": 1,
      "2": 1,
      "3": 1,
      "4": 3,
      "5": 3,
      "6": 7
    },
    "f": {
      "0": 1,
      "1": 3,
      "2": 7
    },
    "b": {
      "0": [
        1,
        2
      ]
    },
    "_coverageSchema": "43e27e138ebf9cfc5966b082cf9a028302ed4184",
    "hash": "446c2632216f6b756a09be4f742ff9f9dd7fb318"
  },
  "/Users/christopherdalziel/Dev_Projects/MERN/dr/GP-Front/src/components/Contact/emailSubmit.js": {
    "path": "/Users/christopherdalziel/Dev_Projects/MERN/dr/GP-Front/src/components/Contact/emailSubmit.js",
    "statementMap": {
      "0": {
        "start": {
          "line": 4,
          "column": 0
        },
        "end": {
          "line": 4,
          "column": 16
        }
      },
      "1": {
        "start": {
          "line": 15,
          "column": 6
        },
        "end": {
          "line": 15,
          "column": 12
        }
      },
      "2": {
        "start": {
          "line": 16,
          "column": 2
        },
        "end": {
          "line": 27,
          "column": 3
        }
      },
      "3": {
        "start": {
          "line": 17,
          "column": 4
        },
        "end": {
          "line": 24,
          "column": 7
        }
      },
      "4": {
        "start": {
          "line": 26,
          "column": 4
        },
        "end": {
          "line": 26,
          "column": 29
        }
      }
    },
    "fnMap": {
      "0": {
        "name": "handleSubmit",
        "decl": {
          "start": {
            "line": 7,
            "column": 15
          },
          "end": {
            "line": 7,
            "column": 27
          }
        },
        "loc": {
          "start": {
            "line": 7,
            "column": 36
          },
          "end": {
            "line": 28,
            "column": 1
          }
        },
        "line": 7
      }
    },
    "branchMap": {},
    "s": {
      "0": 34,
      "1": 1,
      "2": 1,
      "3": 1,
      "4": 0
    },
    "f": {
      "0": 1
    },
    "b": {},
    "_coverageSchema": "43e27e138ebf9cfc5966b082cf9a028302ed4184",
    "hash": "71258caadda7aadfb79f2bdf28589dfd5dc3006b"
  },
  "/Users/christopherdalziel/Dev_Projects/MERN/dr/GP-Front/src/components/Contact/GoogleMaps.js": {
    "path": "/Users/christopherdalziel/Dev_Projects/MERN/dr/GP-Front/src/components/Contact/GoogleMaps.js",
    "statementMap": {
      "0": {
        "start": {
          "line": 5,
          "column": 0
        },
        "end": {
          "line": 5,
          "column": 16
        }
      },
      "1": {
        "start": {
          "line": 8,
          "column": 18
        },
        "end": {
          "line": 10,
          "column": 1
        }
      },
      "2": {
        "start": {
          "line": 14,
          "column": 4
        },
        "end": {
          "line": 14,
          "column": 17
        }
      },
      "3": {
        "start": {
          "line": 16,
          "column": 4
        },
        "end": {
          "line": 19,
          "column": 6
        }
      },
      "4": {
        "start": {
          "line": 23,
          "column": 19
        },
        "end": {
          "line": 37,
          "column": 3
        }
      },
      "5": {
        "start": {
          "line": 24,
          "column": 4
        },
        "end": {
          "line": 36,
          "column": 7
        }
      },
      "6": {
        "start": {
          "line": 25,
          "column": 6
        },
        "end": {
          "line": 35,
          "column": 8
        }
      },
      "7": {
        "start": {
          "line": 33,
          "column": 25
        },
        "end": {
          "line": 33,
          "column": 55
        }
      },
      "8": {
        "start": {
          "line": 40,
          "column": 4
        },
        "end": {
          "line": 51,
          "column": 6
        }
      }
    },
    "fnMap": {
      "0": {
        "name": "(anonymous_0)",
        "decl": {
          "start": {
            "line": 13,
            "column": 2
          },
          "end": {
            "line": 13,
            "column": 3
          }
        },
        "loc": {
          "start": {
            "line": 13,
            "column": 21
          },
          "end": {
            "line": 20,
            "column": 3
          }
        },
        "line": 13
      },
      "1": {
        "name": "(anonymous_1)",
        "decl": {
          "start": {
            "line": 23,
            "column": 19
          },
          "end": {
            "line": 23,
            "column": 20
          }
        },
        "loc": {
          "start": {
            "line": 23,
            "column": 25
          },
          "end": {
            "line": 37,
            "column": 3
          }
        },
        "line": 23
      },
      "2": {
        "name": "(anonymous_2)",
        "decl": {
          "start": {
            "line": 24,
            "column": 33
          },
          "end": {
            "line": 24,
            "column": 34
          }
        },
        "loc": {
          "start": {
            "line": 24,
            "column": 51
          },
          "end": {
            "line": 36,
            "column": 5
          }
        },
        "line": 24
      },
      "3": {
        "name": "(anonymous_3)",
        "decl": {
          "start": {
            "line": 33,
            "column": 19
          },
          "end": {
            "line": 33,
            "column": 20
          }
        },
        "loc": {
          "start": {
            "line": 33,
            "column": 25
          },
          "end": {
            "line": 33,
            "column": 55
          }
        },
        "line": 33
      },
      "4": {
        "name": "(anonymous_4)",
        "decl": {
          "start": {
            "line": 39,
            "column": 2
          },
          "end": {
            "line": 39,
            "column": 3
          }
        },
        "loc": {
          "start": {
            "line": 39,
            "column": 11
          },
          "end": {
            "line": 52,
            "column": 3
          }
        },
        "line": 39
      }
    },
    "branchMap": {},
    "s": {
      "0": 34,
      "1": 34,
      "2": 1,
      "3": 1,
      "4": 1,
      "5": 1,
      "6": 1,
      "7": 0,
      "8": 1
    },
    "f": {
      "0": 1,
      "1": 1,
      "2": 1,
      "3": 0,
      "4": 1
    },
    "b": {},
    "_coverageSchema": "43e27e138ebf9cfc5966b082cf9a028302ed4184",
    "hash": "73fc99539ce73fcf50b7eda9d09679a1245a0a80"
  },
  "/Users/christopherdalziel/Dev_Projects/MERN/dr/GP-Front/src/pages/contact.js": {
    "path": "/Users/christopherdalziel/Dev_Projects/MERN/dr/GP-Front/src/pages/contact.js",
    "statementMap": {
      "0": {
        "start": {
          "line": 9,
          "column": 10
        },
        "end": {
          "line": 12,
          "column": 3
        }
      },
      "1": {
        "start": {
          "line": 15,
          "column": 4
        },
        "end": {
          "line": 17,
          "column": 7
        }
      },
      "2": {
        "start": {
          "line": 21,
          "column": 4
        },
        "end": {
          "line": 60,
          "column": 6
        }
      },
      "3": {
        "start": {
          "line": 48,
          "column": 33
        },
        "end": {
          "line": 48,
          "column": 76
        }
      }
    },
    "fnMap": {
      "0": {
        "name": "(anonymous_0)",
        "decl": {
          "start": {
            "line": 14,
            "column": 2
          },
          "end": {
            "line": 14,
            "column": 3
          }
        },
        "loc": {
          "start": {
            "line": 14,
            "column": 22
          },
          "end": {
            "line": 18,
            "column": 3
          }
        },
        "line": 14
      },
      "1": {
        "name": "(anonymous_1)",
        "decl": {
          "start": {
            "line": 20,
            "column": 2
          },
          "end": {
            "line": 20,
            "column": 3
          }
        },
        "loc": {
          "start": {
            "line": 20,
            "column": 11
          },
          "end": {
            "line": 61,
            "column": 3
          }
        },
        "line": 20
      },
      "2": {
        "name": "(anonymous_2)",
        "decl": {
          "start": {
            "line": 48,
            "column": 27
          },
          "end": {
            "line": 48,
            "column": 28
          }
        },
        "loc": {
          "start": {
            "line": 48,
            "column": 33
          },
          "end": {
            "line": 48,
            "column": 76
          }
        },
        "line": 48
      }
    },
    "branchMap": {
      "0": {
        "loc": {
          "start": {
            "line": 23,
            "column": 9
          },
          "end": {
            "line": 23,
            "column": 46
          }
        },
        "type": "binary-expr",
        "locations": [
          {
            "start": {
              "line": 23,
              "column": 9
            },
            "end": {
              "line": 23,
              "column": 27
            }
          },
          {
            "start": {
              "line": 23,
              "column": 31
            },
            "end": {
              "line": 23,
              "column": 46
            }
          }
        ],
        "line": 23
      },
      "1": {
        "loc": {
          "start": {
            "line": 40,
            "column": 17
          },
          "end": {
            "line": 44,
            "column": 17
          }
        },
        "type": "cond-expr",
        "locations": [
          {
            "start": {
              "line": 41,
              "column": 18
            },
            "end": {
              "line": 41,
              "column": 56
            }
          },
          {
            "start": {
              "line": 43,
              "column": 18
            },
            "end": {
              "line": 43,
              "column": 33
            }
          }
        ],
        "line": 40
      },
      "2": {
        "loc": {
          "start": {
            "line": 51,
            "column": 19
          },
          "end": {
            "line": 53,
            "column": 41
          }
        },
        "type": "cond-expr",
        "locations": [
          {
            "start": {
              "line": 52,
              "column": 22
            },
            "end": {
              "line": 52,
              "column": 50
            }
          },
          {
            "start": {
              "line": 53,
              "column": 22
            },
            "end": {
              "line": 53,
              "column": 41
            }
          }
        ],
        "line": 51
      }
    },
    "s": {
      "0": 1,
      "1": 1,
      "2": 3,
      "3": 1
    },
    "f": {
      "0": 1,
      "1": 3,
      "2": 1
    },
    "b": {
      "0": [
        3,
        1
      ],
      "1": [
        1,
        2
      ],
      "2": [
        1,
        2
      ]
    },
    "_coverageSchema": "43e27e138ebf9cfc5966b082cf9a028302ed4184",
    "hash": "6601fe70c3f16c5728661bc01bd97a4c989cb401"
  },
  "/Users/christopherdalziel/Dev_Projects/MERN/dr/GP-Front/src/components/users/appointments.js": {
    "path": "/Users/christopherdalziel/Dev_Projects/MERN/dr/GP-Front/src/components/users/appointments.js",
    "statementMap": {
      "0": {
        "start": {
          "line": 6,
          "column": 10
        },
        "end": {
          "line": 9,
          "column": 3
        }
      },
      "1": {
        "start": {
          "line": 13,
          "column": 16
        },
        "end": {
          "line": 13,
          "column": 47
        }
      },
      "2": {
        "start": {
          "line": 14,
          "column": 4
        },
        "end": {
          "line": 31,
          "column": 5
        }
      },
      "3": {
        "start": {
          "line": 15,
          "column": 6
        },
        "end": {
          "line": 30,
          "column": 7
        }
      },
      "4": {
        "start": {
          "line": 16,
          "column": 8
        },
        "end": {
          "line": 27,
          "column": 13
        }
      },
      "5": {
        "start": {
          "line": 23,
          "column": 31
        },
        "end": {
          "line": 23,
          "column": 44
        }
      },
      "6": {
        "start": {
          "line": 24,
          "column": 12
        },
        "end": {
          "line": 26,
          "column": 13
        }
      },
      "7": {
        "start": {
          "line": 25,
          "column": 14
        },
        "end": {
          "line": 25,
          "column": 60
        }
      },
      "8": {
        "start": {
          "line": 29,
          "column": 8
        },
        "end": {
          "line": 29,
          "column": 47
        }
      },
      "9": {
        "start": {
          "line": 36,
          "column": 4
        },
        "end": {
          "line": 53,
          "column": 9
        }
      },
      "10": {
        "start": {
          "line": 39,
          "column": 26
        },
        "end": {
          "line": 39,
          "column": 79
        }
      },
      "11": {
        "start": {
          "line": 39,
          "column": 63
        },
        "end": {
          "line": 39,
          "column": 78
        }
      },
      "12": {
        "start": {
          "line": 40,
          "column": 8
        },
        "end": {
          "line": 47,
          "column": 13
        }
      },
      "13": {
        "start": {
          "line": 46,
          "column": 12
        },
        "end": {
          "line": 46,
          "column": 51
        }
      },
      "14": {
        "start": {
          "line": 48,
          "column": 8
        },
        "end": {
          "line": 48,
          "column": 33
        }
      },
      "15": {
        "start": {
          "line": 49,
          "column": 8
        },
        "end": {
          "line": 49,
          "column": 38
        }
      },
      "16": {
        "start": {
          "line": 52,
          "column": 8
        },
        "end": {
          "line": 52,
          "column": 43
        }
      },
      "17": {
        "start": {
          "line": 57,
          "column": 27
        },
        "end": {
          "line": 57,
          "column": 50
        }
      },
      "18": {
        "start": {
          "line": 58,
          "column": 4
        },
        "end": {
          "line": 82,
          "column": 5
        }
      },
      "19": {
        "start": {
          "line": 59,
          "column": 6
        },
        "end": {
          "line": 63,
          "column": 8
        }
      },
      "20": {
        "start": {
          "line": 65,
          "column": 6
        },
        "end": {
          "line": 81,
          "column": 9
        }
      },
      "21": {
        "start": {
          "line": 66,
          "column": 34
        },
        "end": {
          "line": 66,
          "column": 92
        }
      },
      "22": {
        "start": {
          "line": 67,
          "column": 8
        },
        "end": {
          "line": 80,
          "column": 10
        }
      },
      "23": {
        "start": {
          "line": 74,
          "column": 16
        },
        "end": {
          "line": 74,
          "column": 56
        }
      },
      "24": {
        "start": {
          "line": 86,
          "column": 4
        },
        "end": {
          "line": 86,
          "column": 37
        }
      }
    },
    "fnMap": {
      "0": {
        "name": "(anonymous_0)",
        "decl": {
          "start": {
            "line": 12,
            "column": 2
          },
          "end": {
            "line": 12,
            "column": 3
          }
        },
        "loc": {
          "start": {
            "line": 12,
            "column": 22
          },
          "end": {
            "line": 32,
            "column": 3
          }
        },
        "line": 12
      },
      "1": {
        "name": "(anonymous_1)",
        "decl": {
          "start": {
            "line": 22,
            "column": 16
          },
          "end": {
            "line": 22,
            "column": 17
          }
        },
        "loc": {
          "start": {
            "line": 22,
            "column": 28
          },
          "end": {
            "line": 27,
            "column": 11
          }
        },
        "line": 22
      },
      "2": {
        "name": "(anonymous_2)",
        "decl": {
          "start": {
            "line": 35,
            "column": 2
          },
          "end": {
            "line": 35,
            "column": 3
          }
        },
        "loc": {
          "start": {
            "line": 35,
            "column": 24
          },
          "end": {
            "line": 54,
            "column": 3
          }
        },
        "line": 35
      },
      "3": {
        "name": "(anonymous_3)",
        "decl": {
          "start": {
            "line": 38,
            "column": 12
          },
          "end": {
            "line": 38,
            "column": 13
          }
        },
        "loc": {
          "start": {
            "line": 38,
            "column": 24
          },
          "end": {
            "line": 50,
            "column": 7
          }
        },
        "line": 38
      },
      "4": {
        "name": "(anonymous_4)",
        "decl": {
          "start": {
            "line": 39,
            "column": 55
          },
          "end": {
            "line": 39,
            "column": 56
          }
        },
        "loc": {
          "start": {
            "line": 39,
            "column": 63
          },
          "end": {
            "line": 39,
            "column": 78
          }
        },
        "line": 39
      },
      "5": {
        "name": "(anonymous_5)",
        "decl": {
          "start": {
            "line": 45,
            "column": 17
          },
          "end": {
            "line": 45,
            "column": 18
          }
        },
        "loc": {
          "start": {
            "line": 45,
            "column": 26
          },
          "end": {
            "line": 47,
            "column": 11
          }
        },
        "line": 45
      },
      "6": {
        "name": "(anonymous_6)",
        "decl": {
          "start": {
            "line": 51,
            "column": 13
          },
          "end": {
            "line": 51,
            "column": 14
          }
        },
        "loc": {
          "start": {
            "line": 51,
            "column": 20
          },
          "end": {
            "line": 53,
            "column": 7
          }
        },
        "line": 51
      },
      "7": {
        "name": "(anonymous_7)",
        "decl": {
          "start": {
            "line": 56,
            "column": 2
          },
          "end": {
            "line": 56,
            "column": 3
          }
        },
        "loc": {
          "start": {
            "line": 56,
            "column": 23
          },
          "end": {
            "line": 83,
            "column": 3
          }
        },
        "line": 56
      },
      "8": {
        "name": "(anonymous_8)",
        "decl": {
          "start": {
            "line": 65,
            "column": 34
          },
          "end": {
            "line": 65,
            "column": 35
          }
        },
        "loc": {
          "start": {
            "line": 65,
            "column": 54
          },
          "end": {
            "line": 81,
            "column": 7
          }
        },
        "line": 65
      },
      "9": {
        "name": "(anonymous_9)",
        "decl": {
          "start": {
            "line": 73,
            "column": 23
          },
          "end": {
            "line": 73,
            "column": 24
          }
        },
        "loc": {
          "start": {
            "line": 73,
            "column": 29
          },
          "end": {
            "line": 75,
            "column": 15
          }
        },
        "line": 73
      },
      "10": {
        "name": "(anonymous_10)",
        "decl": {
          "start": {
            "line": 85,
            "column": 2
          },
          "end": {
            "line": 85,
            "column": 3
          }
        },
        "loc": {
          "start": {
            "line": 85,
            "column": 11
          },
          "end": {
            "line": 87,
            "column": 3
          }
        },
        "line": 85
      }
    },
    "branchMap": {
      "0": {
        "loc": {
          "start": {
            "line": 14,
            "column": 4
          },
          "end": {
            "line": 31,
            "column": 5
          }
        },
        "type": "if",
        "locations": [
          {
            "start": {
              "line": 14,
              "column": 4
            },
            "end": {
              "line": 31,
              "column": 5
            }
          },
          {
            "start": {
              "line": 14,
              "column": 4
            },
            "end": {
              "line": 31,
              "column": 5
            }
          }
        ],
        "line": 14
      },
      "1": {
        "loc": {
          "start": {
            "line": 24,
            "column": 12
          },
          "end": {
            "line": 26,
            "column": 13
          }
        },
        "type": "if",
        "locations": [
          {
            "start": {
              "line": 24,
              "column": 12
            },
            "end": {
              "line": 26,
              "column": 13
            }
          },
          {
            "start": {
              "line": 24,
              "column": 12
            },
            "end": {
              "line": 26,
              "column": 13
            }
          }
        ],
        "line": 24
      },
      "2": {
        "loc": {
          "start": {
            "line": 58,
            "column": 4
          },
          "end": {
            "line": 82,
            "column": 5
          }
        },
        "type": "if",
        "locations": [
          {
            "start": {
              "line": 58,
              "column": 4
            },
            "end": {
              "line": 82,
              "column": 5
            }
          },
          {
            "start": {
              "line": 58,
              "column": 4
            },
            "end": {
              "line": 82,
              "column": 5
            }
          }
        ],
        "line": 58
      }
    },
    "s": {
      "0": 0,
      "1": 0,
      "2": 0,
      "3": 0,
      "4": 0,
      "5": 0,
      "6": 0,
      "7": 0,
      "8": 0,
      "9": 0,
      "10": 0,
      "11": 0,
      "12": 0,
      "13": 0,
      "14": 0,
      "15": 0,
      "16": 0,
      "17": 0,
      "18": 0,
      "19": 0,
      "20": 0,
      "21": 0,
      "22": 0,
      "23": 0,
      "24": 0
    },
    "f": {
      "0": 0,
      "1": 0,
      "2": 0,
      "3": 0,
      "4": 0,
      "5": 0,
      "6": 0,
      "7": 0,
      "8": 0,
      "9": 0,
      "10": 0
    },
    "b": {
      "0": [
        0,
        0
      ],
      "1": [
        0,
        0
      ],
      "2": [
        0,
        0
      ]
    },
    "_coverageSchema": "43e27e138ebf9cfc5966b082cf9a028302ed4184",
    "hash": "53707241c17ab77171e260d7dd86e6500ba24b0a"
  },
  "/Users/christopherdalziel/Dev_Projects/MERN/dr/GP-Front/src/utils/normalizePhone.js": {
    "path": "/Users/christopherdalziel/Dev_Projects/MERN/dr/GP-Front/src/utils/normalizePhone.js",
    "statementMap": {
      "0": {
        "start": {
          "line": 1,
          "column": 23
        },
        "end": {
          "line": 9,
          "column": 1
        }
      },
      "1": {
        "start": {
          "line": 2,
          "column": 2
        },
        "end": {
          "line": 4,
          "column": 3
        }
      },
      "2": {
        "start": {
          "line": 3,
          "column": 4
        },
        "end": {
          "line": 3,
          "column": 16
        }
      },
      "3": {
        "start": {
          "line": 5,
          "column": 19
        },
        "end": {
          "line": 5,
          "column": 46
        }
      },
      "4": {
        "start": {
          "line": 6,
          "column": 2
        },
        "end": {
          "line": 8,
          "column": 5
        }
      },
      "5": {
        "start": {
          "line": 7,
          "column": 6
        },
        "end": {
          "line": 7,
          "column": 21
        }
      }
    },
    "fnMap": {
      "0": {
        "name": "(anonymous_0)",
        "decl": {
          "start": {
            "line": 1,
            "column": 23
          },
          "end": {
            "line": 1,
            "column": 24
          }
        },
        "loc": {
          "start": {
            "line": 1,
            "column": 49
          },
          "end": {
            "line": 9,
            "column": 1
          }
        },
        "line": 1
      }
    },
    "branchMap": {
      "0": {
        "loc": {
          "start": {
            "line": 2,
            "column": 2
          },
          "end": {
            "line": 4,
            "column": 3
          }
        },
        "type": "if",
        "locations": [
          {
            "start": {
              "line": 2,
              "column": 2
            },
            "end": {
              "line": 4,
              "column": 3
            }
          },
          {
            "start": {
              "line": 2,
              "column": 2
            },
            "end": {
              "line": 4,
              "column": 3
            }
          }
        ],
        "line": 2
      },
      "1": {
        "loc": {
          "start": {
            "line": 6,
            "column": 2
          },
          "end": {
            "line": 8,
            "column": 5
          }
        },
        "type": "if",
        "locations": [
          {
            "start": {
              "line": 6,
              "column": 2
            },
            "end": {
              "line": 8,
              "column": 5
            }
          },
          {
            "start": {
              "line": 6,
              "column": 2
            },
            "end": {
              "line": 8,
              "column": 5
            }
          }
        ],
        "line": 6
      },
      "2": {
        "loc": {
          "start": {
            "line": 6,
            "column": 6
          },
          "end": {
            "line": 6,
            "column": 59
          }
        },
        "type": "binary-expr",
        "locations": [
          {
            "start": {
              "line": 6,
              "column": 6
            },
            "end": {
              "line": 6,
              "column": 20
            }
          },
          {
            "start": {
              "line": 6,
              "column": 24
            },
            "end": {
              "line": 6,
              "column": 59
            }
          }
        ],
        "line": 6
      }
    },
    "s": {
      "0": 34,
      "1": 73,
      "2": 2,
      "3": 71,
      "4": 71,
      "5": 67
    },
    "f": {
      "0": 73
    },
    "b": {
      "0": [
        2,
        71
      ],
      "1": [
        67,
        4
      ],
      "2": [
        71,
        46
      ]
    },
    "_coverageSchema": "43e27e138ebf9cfc5966b082cf9a028302ed4184",
    "hash": "f62c5e033fa27f7ba9a64d2943d66c1f2e4aeb70"
  },
  "/Users/christopherdalziel/Dev_Projects/MERN/dr/GP-Front/src/components/users/editinfoform.js": {
    "path": "/Users/christopherdalziel/Dev_Projects/MERN/dr/GP-Front/src/components/users/editinfoform.js",
    "statementMap": {
      "0": {
        "start": {
          "line": 8,
          "column": 15
        },
        "end": {
          "line": 8,
          "column": 17
        }
      },
      "1": {
        "start": {
          "line": 10,
          "column": 2
        },
        "end": {
          "line": 12,
          "column": 3
        }
      },
      "2": {
        "start": {
          "line": 11,
          "column": 4
        },
        "end": {
          "line": 11,
          "column": 48
        }
      },
      "3": {
        "start": {
          "line": 14,
          "column": 2
        },
        "end": {
          "line": 18,
          "column": 3
        }
      },
      "4": {
        "start": {
          "line": 15,
          "column": 4
        },
        "end": {
          "line": 15,
          "column": 39
        }
      },
      "5": {
        "start": {
          "line": 16,
          "column": 9
        },
        "end": {
          "line": 18,
          "column": 3
        }
      },
      "6": {
        "start": {
          "line": 17,
          "column": 4
        },
        "end": {
          "line": 17,
          "column": 43
        }
      },
      "7": {
        "start": {
          "line": 20,
          "column": 2
        },
        "end": {
          "line": 23,
          "column": 3
        }
      },
      "8": {
        "start": {
          "line": 21,
          "column": 4
        },
        "end": {
          "line": 22,
          "column": 96
        }
      },
      "9": {
        "start": {
          "line": 25,
          "column": 2
        },
        "end": {
          "line": 29,
          "column": 3
        }
      },
      "10": {
        "start": {
          "line": 26,
          "column": 4
        },
        "end": {
          "line": 26,
          "column": 42
        }
      },
      "11": {
        "start": {
          "line": 27,
          "column": 9
        },
        "end": {
          "line": 29,
          "column": 3
        }
      },
      "12": {
        "start": {
          "line": 28,
          "column": 4
        },
        "end": {
          "line": 28,
          "column": 69
        }
      },
      "13": {
        "start": {
          "line": 31,
          "column": 2
        },
        "end": {
          "line": 33,
          "column": 3
        }
      },
      "14": {
        "start": {
          "line": 32,
          "column": 4
        },
        "end": {
          "line": 32,
          "column": 56
        }
      },
      "15": {
        "start": {
          "line": 35,
          "column": 2
        },
        "end": {
          "line": 37,
          "column": 3
        }
      },
[...]
          "line": 27,
          "column": 6
        },
        "end": {
          "line": 27,
          "column": 45
        }
      },
      "7": {
        "start": {
          "line": 32,
          "column": 4
        },
        "end": {
          "line": 51,
          "column": 9
        }
      },
      "8": {
        "start": {
          "line": 35,
          "column": 26
        },
        "end": {
          "line": 37,
          "column": 9
        }
      },
      "9": {
        "start": {
          "line": 36,
          "column": 18
        },
        "end": {
          "line": 36,
          "column": 33
        }
      },
      "10": {
        "start": {
          "line": 38,
          "column": 8
        },
        "end": {
          "line": 45,
          "column": 13
        }
      },
      "11": {
        "start": {
          "line": 44,
          "column": 12
        },
        "end": {
          "line": 44,
          "column": 51
        }
      },
      "12": {
        "start": {
          "line": 46,
          "column": 8
        },
        "end": {
          "line": 46,
          "column": 33
        }
      },
      "13": {
        "start": {
          "line": 47,
          "column": 8
        },
        "end": {
          "line": 47,
          "column": 38
        }
      },
      "14": {
        "start": {
          "line": 50,
          "column": 8
        },
        "end": {
          "line": 50,
          "column": 43
        }
      },
      "15": {
        "start": {
          "line": 55,
          "column": 26
        },
        "end": {
          "line": 112,
          "column": 3
        }
      },
      "16": {
        "start": {
          "line": 56,
          "column": 25
        },
        "end": {
          "line": 56,
          "column": 51
        }
      },
      "17": {
        "start": {
          "line": 57,
          "column": 4
        },
        "end": {
          "line": 111,
          "column": 6
        }
      },
      "18": {
        "start": {
          "line": 80,
          "column": 20
        },
        "end": {
          "line": 80,
          "column": 31
        }
      },
      "19": {
        "start": {
          "line": 81,
          "column": 42
        },
        "end": {
          "line": 84,
          "column": 28
        }
      },
      "20": {
        "start": {
          "line": 86,
          "column": 16
        },
        "end": {
          "line": 103,
          "column": 18
        }
      },
      "21": {
        "start": {
          "line": 96,
          "column": 26
        },
        "end": {
          "line": 96,
          "column": 54
        }
      },
      "22": {
        "start": {
          "line": 115,
          "column": 25
        },
        "end": {
          "line": 115,
          "column": 51
        }
      },
      "23": {
        "start": {
          "line": 116,
          "column": 4
        },
        "end": {
          "line": 126,
          "column": 6
        }
      }
    },
    "fnMap": {
      "0": {
        "name": "(anonymous_0)",
        "decl": {
          "start": {
            "line": 16,
            "column": 2
          },
          "end": {
            "line": 16,
            "column": 3
          }
        },
        "loc": {
          "start": {
            "line": 16,
            "column": 28
          },
          "end": {
            "line": 29,
            "column": 3
          }
        },
        "line": 16
      },
      "1": {
        "name": "(anonymous_1)",
        "decl": {
          "start": {
            "line": 23,
            "column": 14
          },
          "end": {
            "line": 23,
            "column": 15
          }
        },
        "loc": {
          "start": {
            "line": 23,
            "column": 26
          },
          "end": {
            "line": 25,
            "column": 9
          }
        },
        "line": 23
      },
      "2": {
        "name": "(anonymous_2)",
        "decl": {
          "start": {
            "line": 31,
            "column": 2
          },
          "end": {
            "line": 31,
            "column": 3
          }
        },
        "loc": {
          "start": {
            "line": 31,
            "column": 24
          },
          "end": {
            "line": 52,
            "column": 3
          }
        },
        "line": 31
      },
      "3": {
        "name": "(anonymous_3)",
        "decl": {
          "start": {
            "line": 34,
            "column": 12
          },
          "end": {
            "line": 34,
            "column": 13
          }
        },
        "loc": {
          "start": {
            "line": 34,
            "column": 24
          },
          "end": {
            "line": 48,
            "column": 7
          }
        },
        "line": 34
      },
      "4": {
        "name": "(anonymous_4)",
        "decl": {
          "start": {
            "line": 36,
            "column": 10
          },
          "end": {
            "line": 36,
            "column": 11
          }
        },
        "loc": {
          "start": {
            "line": 36,
            "column": 18
          },
          "end": {
            "line": 36,
            "column": 33
          }
        },
        "line": 36
      },
      "5": {
        "name": "(anonymous_5)",
        "decl": {
          "start": {
            "line": 43,
            "column": 17
          },
          "end": {
            "line": 43,
            "column": 18
          }
        },
        "loc": {
          "start": {
            "line": 43,
            "column": 26
          },
          "end": {
            "line": 45,
            "column": 11
          }
        },
        "line": 43
      },
      "6": {
        "name": "(anonymous_6)",
        "decl": {
          "start": {
            "line": 49,
            "column": 13
          },
          "end": {
            "line": 49,
            "column": 14
          }
        },
        "loc": {
          "start": {
            "line": 49,
            "column": 20
          },
          "end": {
            "line": 51,
            "column": 7
          }
        },
        "line": 49
      },
      "7": {
        "name": "(anonymous_7)",
        "decl": {
          "start": {
            "line": 55,
            "column": 26
          },
          "end": {
            "line": 55,
            "column": 27
          }
        },
        "loc": {
          "start": {
            "line": 55,
            "column": 32
          },
          "end": {
            "line": 112,
            "column": 3
          }
        },
        "line": 55
      },
      "8": {
        "name": "(anonymous_8)",
        "decl": {
          "start": {
            "line": 72,
            "column": 32
          },
          "end": {
            "line": 72,
            "column": 33
          }
        },
        "loc": {
          "start": {
            "line": 72,
            "column": 56
          },
          "end": {
            "line": 104,
            "column": 15
          }
        },
        "line": 72
      },
      "9": {
        "name": "(anonymous_9)",
        "decl": {
          "start": {
            "line": 95,
            "column": 33
          },
          "end": {
            "line": 95,
            "column": 34
          }
        },
        "loc": {
          "start": {
            "line": 95,
            "column": 39
          },
          "end": {
            "line": 97,
            "column": 25
          }
        },
        "line": 95
      },
      "10": {
        "name": "(anonymous_10)",
        "decl": {
          "start": {
            "line": 114,
            "column": 2
          },
          "end": {
            "line": 114,
            "column": 3
          }
        },
        "loc": {
          "start": {
            "line": 114,
            "column": 11
          },
          "end": {
            "line": 127,
            "column": 3
          }
        },
        "line": 114
      }
    },
    "branchMap": {
      "0": {
        "loc": {
          "start": {
            "line": 59,
            "column": 9
          },
          "end": {
            "line": 109,
            "column": 9
          }
        },
        "type": "cond-expr",
        "locations": [
          {
            "start": {
              "line": 60,
              "column": 10
            },
            "end": {
              "line": 106,
              "column": 18
            }
          },
          {
            "start": {
              "line": 108,
              "column": 10
            },
            "end": {
              "line": 108,
              "column": 38
            }
          }
        ],
        "line": 59
      },
      "1": {
        "loc": {
          "start": {
            "line": 119,
            "column": 9
          },
          "end": {
            "line": 123,
            "column": 40
          }
        },
        "type": "cond-expr",
        "locations": [
          {
            "start": {
              "line": 120,
              "column": 12
            },
            "end": {
              "line": 120,
              "column": 42
            }
          },
          {
            "start": {
              "line": 121,
              "column": 12
            },
            "end": {
              "line": 123,
              "column": 40
            }
          }
        ],
        "line": 119
      },
      "2": {
        "loc": {
          "start": {
            "line": 121,
            "column": 12
          },
          "end": {
            "line": 123,
            "column": 40
          }
        },
        "type": "cond-expr",
        "locations": [
          {
            "start": {
              "line": 122,
              "column": 12
            },
            "end": {
              "line": 122,
              "column": 40
            }
          },
          {
            "start": {
              "line": 123,
              "column": 12
            },
            "end": {
              "line": 123,
              "column": 40
            }
          }
        ],
        "line": 121
      }
    },
    "s": {
      "0": 34,
      "1": 2,
      "2": 2,
      "3": 2,
      "4": 2,
      "5": 1,
      "6": 0,
      "7": 0,
      "8": 0,
      "9": 0,
      "10": 0,
      "11": 0,
      "12": 0,
      "13": 0,
      "14": 0,
      "15": 2,
      "16": 1,
      "17": 1,
      "18": 51,
      "19": 51,
      "20": 51,
      "21": 0,
      "22": 3,
      "23": 3
    },
    "f": {
      "0": 2,
      "1": 1,
      "2": 0,
      "3": 0,
      "4": 0,
      "5": 0,
      "6": 0,
      "7": 1,
      "8": 51,
      "9": 0,
      "10": 3
    },
    "b": {
      "0": [
        1,
        0
      ],
      "1": [
        2,
        1
      ],
      "2": [
        1,
        0
      ]
    },
    "_coverageSchema": "43e27e138ebf9cfc5966b082cf9a028302ed4184",
    "hash": "3a793ea83e7a4ce1a4ba740d1e667dee4e099bef"
  },
  "/Users/christopherdalziel/Dev_Projects/MERN/dr/GP-Front/src/components/admin_dashboard/aboutEditForm.js": {
    "path": "/Users/christopherdalziel/Dev_Projects/MERN/dr/GP-Front/src/components/admin_dashboard/aboutEditForm.js",
    "statementMap": {
      "0": {
        "start": {
          "line": 7,
          "column": 12
        },
        "end": {
          "line": 7,
          "column": 28
        }
      },
      "1": {
        "start": {
          "line": 11,
          "column": 4
        },
        "end": {
          "line": 41,
          "column": 6
        }
      },
      "2": {
        "start": {
          "line": 45,
          "column": 0
        },
        "end": {
          "line": 47,
          "column": 14
        }
      },
      "3": {
        "start": {
          "line": 49,
          "column": 33
        },
        "end": {
          "line": 51,
          "column": 1
        }
      }
    },
    "fnMap": {
      "0": {
        "name": "(anonymous_0)",
        "decl": {
          "start": {
            "line": 10,
            "column": 2
          },
          "end": {
            "line": 10,
            "column": 3
          }
        },
        "loc": {
          "start": {
            "line": 10,
            "column": 11
          },
          "end": {
            "line": 42,
            "column": 3
          }
        },
        "line": 10
      },
      "1": {
        "name": "(anonymous_1)",
        "decl": {
          "start": {
            "line": 49,
            "column": 23
          },
          "end": {
            "line": 49,
            "column": 24
          }
        },
        "loc": {
          "start": {
            "line": 49,
            "column": 33
          },
          "end": {
            "line": 51,
            "column": 1
          }
        },
        "line": 49
      }
    },
    "branchMap": {
      "0": {
        "loc": {
          "start": {
            "line": 13,
            "column": 9
          },
          "end": {
            "line": 39,
            "column": 9
          }
        },
        "type": "cond-expr",
        "locations": [
          {
            "start": {
              "line": 14,
              "column": 10
            },
            "end": {
              "line": 36,
              "column": 16
            }
          },
          {
            "start": {
              "line": 38,
              "column": 10
            },
            "end": {
              "line": 38,
              "column": 38
            }
          }
        ],
        "line": 13
      }
    },
    "s": {
      "0": 34,
      "1": 0,
      "2": 34,
      "3": 0
    },
    "f": {
      "0": 0,
      "1": 0
    },
    "b": {
      "0": [
        0,
        0
      ]
    },
    "_coverageSchema": "43e27e138ebf9cfc5966b082cf9a028302ed4184",
    "hash": "0b197fe37c8975f4372835d1bc2f21600aad7b21"
  },
  "/Users/christopherdalziel/Dev_Projects/MERN/dr/GP-Front/src/components/admin_dashboard/EditAbout.js": {
    "path": "/Users/christopherdalziel/Dev_Projects/MERN/dr/GP-Front/src/components/admin_dashboard/EditAbout.js",
    "statementMap": {
      "0": {
        "start": {
          "line": 6,
          "column": 12
        },
        "end": {
          "line": 6,
          "column": 28
        }
      },
      "1": {
        "start": {
          "line": 10,
          "column": 4
        },
        "end": {
          "line": 10,
          "column": 17
        }
      },
      "2": {
        "start": {
          "line": 11,
          "column": 4
        },
        "end": {
          "line": 11,
          "column": 51
        }
      },
      "3": {
        "start": {
          "line": 12,
          "column": 4
        },
        "end": {
          "line": 12,
          "column": 28
        }
      },
      "4": {
        "start": {
          "line": 15,
          "column": 4
        },
        "end": {
          "line": 25,
          "column": 5
        }
      },
      "5": {
        "start": {
          "line": 16,
          "column": 6
        },
        "end": {
          "line": 21,
          "column": 8
        }
      },
      "6": {
        "start": {
          "line": 22,
          "column": 6
        },
        "end": {
          "line": 22,
          "column": 40
        }
      },
      "7": {
        "start": {
          "line": 24,
          "column": 6
        },
        "end": {
          "line": 24,
          "column": 25
        }
      },
      "8": {
        "start": {
          "line": 29,
          "column": 4
        },
        "end": {
          "line": 40,
          "column": 6
        }
      }
    },
    "fnMap": {
      "0": {
        "name": "(anonymous_0)",
        "decl": {
          "start": {
            "line": 9,
            "column": 2
          },
          "end": {
            "line": 9,
            "column": 3
          }
        },
        "loc": {
          "start": {
            "line": 9,
            "column": 21
          },
          "end": {
            "line": 13,
            "column": 3
          }
        },
        "line": 9
      },
      "1": {
        "name": "(anonymous_1)",
        "decl": {
          "start": {
            "line": 14,
            "column": 2
          },
          "end": {
            "line": 14,
            "column": 3
          }
        },
        "loc": {
          "start": {
            "line": 14,
            "column": 43
          },
          "end": {
            "line": 26,
            "column": 3
          }
        },
        "line": 14
      },
      "2": {
        "name": "(anonymous_2)",
        "decl": {
          "start": {
            "line": 28,
            "column": 2
          },
          "end": {
            "line": 28,
            "column": 3
          }
        },
        "loc": {
          "start": {
            "line": 28,
            "column": 11
          },
          "end": {
            "line": 41,
            "column": 3
          }
        },
        "line": 28
      }
    },
    "branchMap": {
      "0": {
        "loc": {
          "start": {
            "line": 31,
            "column": 9
          },
          "end": {
            "line": 38,
            "column": 9
          }
        },
        "type": "cond-expr",
        "locations": [
          {
            "start": {
              "line": 32,
              "column": 10
            },
            "end": {
              "line": 35,
              "column": 13
            }
          },
          {
            "start": {
              "line": 37,
              "column": 10
            },
            "end": {
              "line": 37,
              "column": 38
            }
          }
        ],
        "line": 31
      }
    },
    "s": {
      "0": 34,
      "1": 0,
      "2": 0,
      "3": 0,
      "4": 0,
      "5": 0,
      "6": 0,
      "7": 0,
      "8": 0
    },
    "f": {
      "0": 0,
      "1": 0,
      "2": 0
    },
    "b": {
      "0": [
        0,
        0
      ]
    },
    "_coverageSchema": "43e27e138ebf9cfc5966b082cf9a028302ed4184",
    "hash": "071b4d42b77554a1845563d559717b9c22e64363"
  },
  "/Users/christopherdalziel/Dev_Projects/MERN/dr/GP-Front/src/App.js": {
    "path": "/Users/christopherdalziel/Dev_Projects/MERN/dr/GP-Front/src/App.js",
    "statementMap": {
      "0": {
        "start": {
          "line": 42,
          "column": 12
        },
        "end": {
          "line": 84,
          "column": 1
        }
      },
      "1": {
        "start": {
          "line": 43,
          "column": 2
        },
        "end": {
          "line": 83,
          "column": 4
        }
      }
    },
    "fnMap": {
      "0": {
        "name": "(anonymous_0)",
        "decl": {
          "start": {
            "line": 42,
            "column": 12
          },
          "end": {
            "line": 42,
            "column": 13
          }
        },
        "loc": {
          "start": {
            "line": 42,
            "column": 18
          },
          "end": {
            "line": 84,
            "column": 1
          }
        },
        "line": 42
      }
    },
    "branchMap": {},
    "s": {
      "0": 34,
      "1": 34
    },
    "f": {
      "0": 34
    },
    "b": {},
    "_coverageSchema": "43e27e138ebf9cfc5966b082cf9a028302ed4184",
    "hash": "c10d8e98e13a2637a1c9845af139ed9506ec4f1c"
  },
  "/Users/christopherdalziel/Dev_Projects/MERN/dr/GP-Front/src/index.js": {
    "path": "/Users/christopherdalziel/Dev_Projects/MERN/dr/GP-Front/src/index.js",
    "statementMap": {
      "0": {
        "start": {
          "line": 8,
          "column": 0
        },
        "end": {
          "line": 13,
          "column": 2
        }
      }
    },
    "fnMap": {},
    "branchMap": {},
    "s": {
      "0": 34
    },
    "f": {},
    "b": {},
    "_coverageSchema": "43e27e138ebf9cfc5966b082cf9a028302ed4184",
    "hash": "558e7c70ce09fb4d09fa95eee06a7e1d7e896b02"
  }
}